#
# There is insufficient memory for the Java Runtime Environment to continue.
# Native memory allocation (mmap) failed to map 241172480 bytes for committing reserved memory.
# Possible reasons:
#   The system is out of physical RAM or swap space
#   The process is running with CompressedOops enabled, and the Java Heap may be blocking the growth of the native heap
# Possible solutions:
#   Reduce memory load on the system
#   Increase physical memory or swap space
#   Check if swap backing store is full
#   Decrease Java heap size (-Xmx/-Xms)
#   Decrease number of Java threads
#   Decrease Java thread stack sizes (-Xss)
#   Set larger code cache with -XX:ReservedCodeCacheSize=
#   JVM is running with Unscaled Compressed Oops mode in which the Java heap is
#     placed in the first 4GB address space. The Java Heap base address is the
#     maximum limit for the native heap growth. Please use -XX:HeapBaseMinAddress
#     to set the Java Heap base and to place the Java Heap above 4GB virtual address.
# This output file may be truncated or incomplete.
#
#  Out of Memory Error (os_linux.cpp:2668), pid=14132, tid=14144
#
# JRE version: OpenJDK Runtime Environment (12.0.2+9) (build 12.0.2+9-Ubuntu-116.04)
# Java VM: OpenJDK 64-Bit Server VM (12.0.2+9-Ubuntu-116.04, mixed mode, tiered, compressed oops, g1 gc, linux-amd64)
# Core dump will be written. Default location: Core dumps may be processed with "/usr/share/apport/apport %p %s %c %d %P %E" (or dumping to /home/user/work/javathought/spring-boot/coronavirun-tracter/core.14132)
#

---------------  S U M M A R Y ------------

Command Line: -Dfile.encoding=UTF-8 io.javathoughts.coronavirustracter.CoronavirunTracterApplication

Host: Intel(R) Core(TM) i3-3110M CPU @ 2.40GHz, 4 cores, 3G, Ubuntu 16.04.4 LTS
Time: Sat May  2 18:22:13 2020 IST elapsed time: 247 seconds (0d 0h 4m 7s)

---------------  T H R E A D  ---------------

Current thread (0x00007f7b9c10a000):  VMThread "VM Thread" [stack: 0x00007f7b8012f000,0x00007f7b8022f000] [id=14144]

Stack: [0x00007f7b8012f000,0x00007f7b8022f000],  sp=0x00007f7b8022d080,  free space=1016k
Native frames: (J=compiled Java code, A=aot compiled Java code, j=interpreted, Vv=VM code, C=native code)
V  [libjvm.so+0xec0c4a]
V  [libjvm.so+0xec17eb]
V  [libjvm.so+0x6475e5]
V  [libjvm.so+0xb872c8]
V  [libjvm.so+0xb7e94d]
V  [libjvm.so+0x768e3f]
V  [libjvm.so+0x769214]
V  [libjvm.so+0x774236]
V  [libjvm.so+0x7ef1ae]
V  [libjvm.so+0x7efeb0]
V  [libjvm.so+0x7f03d7]
V  [libjvm.so+0x722620]
V  [libjvm.so+0x727b33]
V  [libjvm.so+0x7872d4]
V  [libjvm.so+0xec30c8]
V  [libjvm.so+0xec89f7]
V  [libjvm.so+0xec9078]
V  [libjvm.so+0xec9323]
V  [libjvm.so+0xe5b239]
V  [libjvm.so+0xb8bcae]

VM_Operation (0x00007f7b281751d0): G1CollectForAllocation, mode: safepoint, requested by thread 0x00007f7b50003800


---------------  P R O C E S S  ---------------

Threads class SMR info:
_java_thread_list=0x00007f7b50017050, length=80, elements={
0x00007f7b9c116800, 0x00007f7b9c119800, 0x00007f7b9c132000, 0x00007f7b9c134000,
0x00007f7b9c136000, 0x00007f7b9c138000, 0x00007f7b9c1fe000, 0x00007f7b9c20c000,
0x00007f7b9cd55800, 0x00007f7b4035b800, 0x00007f7b9cd58000, 0x00007f7b9c912000,
0x00007f7b9c918800, 0x00007f7b9c91b000, 0x00007f7b9c91c800, 0x00007f7b9c91e800,
0x00007f7b9c920800, 0x00007f7b9c922800, 0x00007f7b9cb8e800, 0x00007f7b9cb90800,
0x00007f7b9cb92800, 0x00007f7b9cb94000, 0x00007f7b9cb96000, 0x00007f7b9cb99000,
0x00007f7b9cba0000, 0x00007f7b9c012800, 0x00007f7b3800e800, 0x00007f7b3801b800,
0x00007f7b3c007800, 0x00007f7b3c008800, 0x00007f7b44001800, 0x00007f7b4c3ad800,
0x00007f7b4c084800, 0x00007f7b60008800, 0x00007f7b6000a800, 0x00007f7b64005000,
0x00007f7b64001000, 0x00007f7b74007000, 0x00007f7b74001000, 0x0000000002106800,
0x0000000002108000, 0x00007f7b04003000, 0x00007f7b04001000, 0x00007f7b18001800,
0x00007f7b18003800, 0x00007f7b1c005800, 0x00007f7b1c006800, 0x00007f7b2c015000,
0x00007f7b2c015800, 0x00007f7b40351800, 0x00007f7b400a9800, 0x00007f7b44003800,
0x00007f7b4400a000, 0x00007f7b5917e000, 0x00007f7b58692000, 0x00007f7b5c010000,
0x00007f7b5c00b800, 0x00007f7b6c004800, 0x00007f7b6c00f000, 0x00007f7b7c013000,
0x00007f7b7c016000, 0x00007f7afc003800, 0x00007f7afc005800, 0x00007f7b2001b800,
0x00007f7b10003800, 0x00007f7b10014800, 0x00007f7b14037800, 0x00007f7b1404c000,
0x00007f7b20008000, 0x00007f7b24003800, 0x00007f7b24005800, 0x00007f7b2000b800,
0x00007f7b3800d000, 0x00007f7b3801e800, 0x00007f7b20009000, 0x00007f7b3c00b000,
0x00007f7b3c005800, 0x00007f7b20012000, 0x00007f7b50003800, 0x00007f7b50016800
}

Java Threads: ( => current thread )
  0x00007f7b9c116800 JavaThread "Reference Handler" daemon [_thread_blocked, id=14145, stack(0x00007f7b8002d000,0x00007f7b8012e000)]
  0x00007f7b9c119800 JavaThread "Finalizer" daemon [_thread_blocked, id=14146, stack(0x00007f7b71eff000,0x00007f7b72000000)]
  0x00007f7b9c132000 JavaThread "Signal Dispatcher" daemon [_thread_blocked, id=14147, stack(0x00007f7b71b26000,0x00007f7b71c27000)]
  0x00007f7b9c134000 JavaThread "C2 CompilerThread0" daemon [_thread_blocked, id=14148, stack(0x00007f7b71a25000,0x00007f7b71b26000)]
  0x00007f7b9c136000 JavaThread "C1 CompilerThread0" daemon [_thread_blocked, id=14149, stack(0x00007f7b71924000,0x00007f7b71a25000)]
  0x00007f7b9c138000 JavaThread "Sweeper thread" daemon [_thread_blocked, id=14150, stack(0x00007f7b71823000,0x00007f7b71924000)]
  0x00007f7b9c1fe000 JavaThread "Service Thread" daemon [_thread_blocked, id=14151, stack(0x00007f7b71722000,0x00007f7b71823000)]
  0x00007f7b9c20c000 JavaThread "Common-Cleaner" daemon [_thread_blocked, id=14153, stack(0x00007f7b71520000,0x00007f7b71621000)]
  0x00007f7b9cd55800 JavaThread "Catalina-utility-1" [_thread_blocked, id=14162, stack(0x00007f7b70bf6000,0x00007f7b70cf7000)]
  0x00007f7b4035b800 JavaThread "Catalina-utility-2" [_thread_blocked, id=14163, stack(0x00007f7b700e6000,0x00007f7b701e7000)]
  0x00007f7b9cd58000 JavaThread "container-0" [_thread_blocked, id=14164, stack(0x00007f7b2acff000,0x00007f7b2ae00000)]
  0x00007f7b9c912000 JavaThread "scheduling-1" [_thread_blocked, id=14171, stack(0x00007f7b2a5b4000,0x00007f7b2a6b5000)]
  0x00007f7b9c918800 JavaThread "http-nio-9091-BlockPoller" daemon [_thread_blocked, id=14172, stack(0x00007f7b2968c000,0x00007f7b2978d000)]
  0x00007f7b9c91b000 JavaThread "http-nio-9091-exec-1" daemon [_thread_blocked, id=14173, stack(0x00007f7b2958b000,0x00007f7b2968c000)]
  0x00007f7b9c91c800 JavaThread "http-nio-9091-exec-2" daemon [_thread_blocked, id=14174, stack(0x00007f7b2948a000,0x00007f7b2958b000)]
  0x00007f7b9c91e800 JavaThread "http-nio-9091-exec-3" daemon [_thread_blocked, id=14175, stack(0x00007f7b29389000,0x00007f7b2948a000)]
  0x00007f7b9c920800 JavaThread "http-nio-9091-exec-4" daemon [_thread_blocked, id=14176, stack(0x00007f7b29288000,0x00007f7b29389000)]
  0x00007f7b9c922800 JavaThread "http-nio-9091-exec-5" daemon [_thread_blocked, id=14177, stack(0x00007f7b29187000,0x00007f7b29288000)]
  0x00007f7b9cb8e800 JavaThread "http-nio-9091-exec-6" daemon [_thread_blocked, id=14178, stack(0x00007f7b29086000,0x00007f7b29187000)]
  0x00007f7b9cb90800 JavaThread "http-nio-9091-exec-7" daemon [_thread_blocked, id=14179, stack(0x00007f7b28f85000,0x00007f7b29086000)]
  0x00007f7b9cb92800 JavaThread "http-nio-9091-exec-8" daemon [_thread_blocked, id=14180, stack(0x00007f7b28e84000,0x00007f7b28f85000)]
  0x00007f7b9cb94000 JavaThread "http-nio-9091-exec-9" daemon [_thread_blocked, id=14181, stack(0x00007f7b28d83000,0x00007f7b28e84000)]
  0x00007f7b9cb96000 JavaThread "http-nio-9091-exec-10" daemon [_thread_blocked, id=14182, stack(0x00007f7b28c82000,0x00007f7b28d83000)]
  0x00007f7b9cb99000 JavaThread "http-nio-9091-ClientPoller" daemon [_thread_blocked, id=14183, stack(0x00007f7b28b81000,0x00007f7b28c82000)]
  0x00007f7b9cba0000 JavaThread "http-nio-9091-Acceptor" daemon [_thread_in_native, id=14184, stack(0x00007f7b28a80000,0x00007f7b28b81000)]
  0x00007f7b9c012800 JavaThread "DestroyJavaVM" [_thread_blocked, id=14138, stack(0x00007f7ba2b66000,0x00007f7ba2c67000)]
  0x00007f7b3800e800 JavaThread "HttpClient-57-Worker-1" daemon [_thread_blocked, id=14367, stack(0x00007f7b01adb000,0x00007f7b01bdc000)]
  0x00007f7b3801b800 JavaThread "HttpClient-68-Worker-0" daemon [_thread_blocked, id=14408, stack(0x00007f7b28379000,0x00007f7b2847a000)]
  0x00007f7b3c007800 JavaThread "HttpClient-69-Worker-0" daemon [_thread_blocked, id=14411, stack(0x00007f7b001c2000,0x00007f7b002c3000)]
  0x00007f7b3c008800 JavaThread "HttpClient-69-Worker-1" daemon [_thread_blocked, id=14412, stack(0x00007f7afbcfd000,0x00007f7afbdfe000)]
  0x00007f7b44001800 JavaThread "HttpClient-48-Worker-2" daemon [_thread_blocked, id=14413, stack(0x00007f7b006c7000,0x00007f7b007c8000)]
  0x00007f7b4c3ad800 JavaThread "HttpClient-70-Worker-0" daemon [_thread_blocked, id=14415, stack(0x00007f7b007c8000,0x00007f7b008c9000)]
  0x00007f7b4c084800 JavaThread "HttpClient-70-Worker-1" daemon [_thread_blocked, id=14416, stack(0x00007f7afb7f8000,0x00007f7afb8f9000)]
  0x00007f7b60008800 JavaThread "HttpClient-71-Worker-0" daemon [_thread_blocked, id=14420, stack(0x00007f7b01bdc000,0x00007f7b01cdd000)]
  0x00007f7b6000a800 JavaThread "HttpClient-71-Worker-1" daemon [_thread_blocked, id=14421, stack(0x00007f7b020e1000,0x00007f7b021e2000)]
  0x00007f7b64005000 JavaThread "HttpClient-72-Worker-0" daemon [_thread_blocked, id=14423, stack(0x00007f7b01edf000,0x00007f7b01fe0000)]
  0x00007f7b64001000 JavaThread "HttpClient-72-Worker-1" daemon [_thread_blocked, id=14424, stack(0x00007f7b009ca000,0x00007f7b00acb000)]
  0x00007f7b74007000 JavaThread "HttpClient-73-Worker-0" daemon [_thread_blocked, id=14426, stack(0x00007f7b017d8000,0x00007f7b018d9000)]
  0x00007f7b74001000 JavaThread "HttpClient-73-Worker-1" daemon [_thread_blocked, id=14427, stack(0x00007f7b29b8d000,0x00007f7b29c8e000)]
  0x0000000002106800 JavaThread "HttpClient-74-Worker-0" daemon [_thread_blocked, id=14429, stack(0x00007f7b02ff0000,0x00007f7b030f1000)]
  0x0000000002108000 JavaThread "HttpClient-74-Worker-1" daemon [_thread_blocked, id=14430, stack(0x00007f7b022e3000,0x00007f7b023e4000)]
  0x00007f7b04003000 JavaThread "HttpClient-75-Worker-0" daemon [_thread_blocked, id=14432, stack(0x00007f7b031f2000,0x00007f7b032f3000)]
  0x00007f7b04001000 JavaThread "HttpClient-75-Worker-1" daemon [_thread_blocked, id=14433, stack(0x00007f7b015d6000,0x00007f7b016d7000)]
  0x00007f7b18001800 JavaThread "HttpClient-76-Worker-0" daemon [_thread_blocked, id=14435, stack(0x00007f7b014d5000,0x00007f7b015d6000)]
  0x00007f7b18003800 JavaThread "HttpClient-76-Worker-1" daemon [_thread_blocked, id=14436, stack(0x00007f7afbdfe000,0x00007f7afbeff000)]
  0x00007f7b1c005800 JavaThread "HttpClient-77-Worker-0" daemon [_thread_blocked, id=14438, stack(0x00007f7b00ccd000,0x00007f7b00dce000)]
  0x00007f7b1c006800 JavaThread "HttpClient-77-Worker-1" daemon [_thread_blocked, id=14439, stack(0x00007f7b008c9000,0x00007f7b009ca000)]
  0x00007f7b2c015000 JavaThread "HttpClient-78-Worker-0" daemon [_thread_blocked, id=14441, stack(0x00007f7b02aeb000,0x00007f7b02bec000)]
  0x00007f7b2c015800 JavaThread "HttpClient-78-Worker-1" daemon [_thread_blocked, id=14442, stack(0x00007f7b29c8e000,0x00007f7b29d8f000)]
  0x00007f7b40351800 JavaThread "HttpClient-79-Worker-0" daemon [_thread_blocked, id=14446, stack(0x00007f7b2857b000,0x00007f7b2867c000)]
  0x00007f7b400a9800 JavaThread "HttpClient-79-Worker-1" daemon [_thread_blocked, id=14447, stack(0x00007f7b2897f000,0x00007f7b28a80000)]
  0x00007f7b44003800 JavaThread "HttpClient-80-Worker-0" daemon [_thread_blocked, id=14449, stack(0x00007f7b2847a000,0x00007f7b2857b000)]
  0x00007f7b4400a000 JavaThread "HttpClient-80-Worker-1" daemon [_thread_blocked, id=14450, stack(0x00007f7b03eff000,0x00007f7b04000000)]
  0x00007f7b5917e000 JavaThread "HttpClient-81-Worker-0" daemon [_thread_blocked, id=14452, stack(0x00007f7b033f4000,0x00007f7b034f5000)]
  0x00007f7b58692000 JavaThread "HttpClient-81-Worker-1" daemon [_thread_blocked, id=14453, stack(0x00007f7b02dee000,0x00007f7b02eef000)]
  0x00007f7b5c010000 JavaThread "HttpClient-82-Worker-0" daemon [_thread_blocked, id=14455, stack(0x00007f7b037f8000,0x00007f7b038f9000)]
  0x00007f7b5c00b800 JavaThread "HttpClient-82-Worker-1" daemon [_thread_blocked, id=14456, stack(0x00007f7b03bfc000,0x00007f7b03cfd000)]
  0x00007f7b6c004800 JavaThread "HttpClient-83-Worker-0" daemon [_thread_blocked, id=14458, stack(0x00007f7b2877d000,0x00007f7b2887e000)]
  0x00007f7b6c00f000 JavaThread "HttpClient-83-Worker-1" daemon [_thread_blocked, id=14459, stack(0x00007f7b2887e000,0x00007f7b2897f000)]
  0x00007f7b7c013000 JavaThread "HttpClient-84-Worker-0" daemon [_thread_blocked, id=14461, stack(0x00007f7b010d1000,0x00007f7b011d2000)]
  0x00007f7b7c016000 JavaThread "HttpClient-84-Worker-1" daemon [_thread_blocked, id=14462, stack(0x00007f7b034f5000,0x00007f7b035f6000)]
  0x00007f7afc003800 JavaThread "HttpClient-85-Worker-0" daemon [_thread_blocked, id=14464, stack(0x00007f7afbafb000,0x00007f7afbbfc000)]
  0x00007f7afc005800 JavaThread "HttpClient-85-Worker-1" daemon [_thread_blocked, id=14465, stack(0x00007f7b01cdd000,0x00007f7b01dde000)]
  0x00007f7b2001b800 JavaThread "HttpClient-86-SelectorManager" daemon [_thread_blocked, id=14466, stack(0x00007f7afb9fa000,0x00007f7afbafb000)]
  0x00007f7b10003800 JavaThread "HttpClient-86-Worker-0" daemon [_thread_blocked, id=14467, stack(0x00007f7b03cfd000,0x00007f7b03dfe000)]
  0x00007f7b10014800 JavaThread "HttpClient-86-Worker-1" daemon [_thread_blocked, id=14468, stack(0x00007f7b03dfe000,0x00007f7b03eff000)]
  0x00007f7b14037800 JavaThread "HttpClient-87-Worker-0" daemon [_thread_blocked, id=14470, stack(0x00007f7b036f7000,0x00007f7b037f8000)]
  0x00007f7b1404c000 JavaThread "HttpClient-87-Worker-1" daemon [_thread_blocked, id=14471, stack(0x00007f7b02eef000,0x00007f7b02ff0000)]
  0x00007f7b20008000 JavaThread "HttpClient-88-SelectorManager" daemon [_thread_blocked, id=14472, stack(0x00007f7afb4f5000,0x00007f7afb5f6000)]
  0x00007f7b24003800 JavaThread "HttpClient-88-Worker-0" daemon [_thread_blocked, id=14473, stack(0x00007f7b038f9000,0x00007f7b039fa000)]
  0x00007f7b24005800 JavaThread "HttpClient-88-Worker-1" daemon [_thread_blocked, id=14474, stack(0x00007f7b026e7000,0x00007f7b027e8000)]
  0x00007f7b2000b800 JavaThread "HttpClient-89-SelectorManager" daemon [_thread_blocked, id=14475, stack(0x00007f7b28177000,0x00007f7b28278000)]
  0x00007f7b3800d000 JavaThread "HttpClient-89-Worker-0" daemon [_thread_blocked, id=14476, stack(0x00007f7b00fd0000,0x00007f7b010d1000)]
  0x00007f7b3801e800 JavaThread "HttpClient-89-Worker-1" daemon [_thread_blocked, id=14477, stack(0x00007f7b005c6000,0x00007f7b006c7000)]
  0x00007f7b20009000 JavaThread "HttpClient-90-SelectorManager" daemon [_thread_blocked, id=14478, stack(0x00007f7afb6f7000,0x00007f7afb7f8000)]
  0x00007f7b3c00b000 JavaThread "HttpClient-90-Worker-0" daemon [_thread_blocked, id=14479, stack(0x00007f7b28278000,0x00007f7b28379000)]
  0x00007f7b3c005800 JavaThread "HttpClient-90-Worker-1" daemon [_thread_blocked, id=14480, stack(0x00007f7b2867c000,0x00007f7b2877d000)]
  0x00007f7b20012000 JavaThread "HttpClient-91-SelectorManager" daemon [_thread_in_native, id=14482, stack(0x00007f7afb8f9000,0x00007f7afb9fa000)]
  0x00007f7b50003800 JavaThread "HttpClient-91-Worker-0" daemon [_thread_blocked, id=14483, stack(0x00007f7b28076000,0x00007f7b28177000)]
  0x00007f7b50016800 JavaThread "HttpClient-91-Worker-1" daemon [_thread_blocked, id=14484, stack(0x00007f7afbeff000,0x00007f7afc000000)]

Other Threads:
=>0x00007f7b9c10a000 VMThread "VM Thread" [stack: 0x00007f7b8012f000,0x00007f7b8022f000] [id=14144]
  0x00007f7b9c200800 WatcherThread [stack: 0x00007f7b71622000,0x00007f7b71722000] [id=14152]
  0x00007f7b9c04f800 GCTaskThread "GC Thread#0" [stack: 0x00007f7b812b9000,0x00007f7b813b9000] [id=14139]
  0x00007f7b68001000 GCTaskThread "GC Thread#1" [stack: 0x00007f7b70af6000,0x00007f7b70bf6000] [id=14155]
  0x00007f7b68002800 GCTaskThread "GC Thread#2" [stack: 0x00007f7b709f5000,0x00007f7b70af5000] [id=14156]
  0x00007f7b68004000 GCTaskThread "GC Thread#3" [stack: 0x00007f7b708f4000,0x00007f7b709f4000] [id=14157]
  0x00007f7b9c057000 ConcurrentGCThread "G1 Main Marker" [stack: 0x00007f7b811b8000,0x00007f7b812b8000] [id=14140]
  0x00007f7b9c059000 ConcurrentGCThread "G1 Conc#0" [stack: 0x00007f7b810b7000,0x00007f7b811b7000] [id=14141]
  0x00007f7b9c09a800 ConcurrentGCThread "G1 Refine#0" [stack: 0x00007f7b80bb2000,0x00007f7b80cb2000] [id=14142]
  0x00007f7b6c001000 ConcurrentGCThread "G1 Refine#1" [stack: 0x00007f7b707f3000,0x00007f7b708f3000] [id=14158]
  0x00007f7b9c09c800 ConcurrentGCThread "G1 Young RemSet Sampling" [stack: 0x00007f7b80ab1000,0x00007f7b80bb1000] [id=14143]

Threads with active compile tasks:
C2 CompilerThread0  5677       4       sun.nio.ch.SelectionKeyImpl::interestOps (50 bytes)

VM state:at safepoint (normal execution)

VM Mutex/Monitor currently owned by a thread:  ([mutex/lock_event])
[0x00007f7b9c00e490] Threads_lock - owner thread: 0x00007f7b9c10a000
[0x00007f7b9c00ec70] Heap_lock - owner thread: 0x00007f7b50003800

Heap address: 0x00000000c4000000, size: 960 MB, Compressed Oops mode: 32-bit
Narrow klass base: 0x0000000000000000, Narrow klass shift: 3
Compressed class space size: 1073741824 Address: 0x0000000100000000

Heap:
 garbage-first heap   total 450560K, used 76027K [0x00000000c4000000, 0x0000000100000000)
  region size 1024K, 2 young (2048K), 2 survivors (2048K)
 Metaspace       used 45415K, capacity 46580K, committed 46720K, reserved 1089536K
  class space    used 5217K, capacity 5678K, committed 5760K, reserved 1048576K
Heap Regions: E=young(eden), S=young(survivor), O=old, HS=humongous(starts), HC=humongous(continues), CS=collection set, F=free, A=archive, TAMS=top-at-mark-start (previous, next)
|   0|0x00000000c4000000, 0x00000000c4100000, 0x00000000c4100000|100%| O|  |TAMS 0x00000000c4100000, 0x00000000c4000000| Untracked 
|   1|0x00000000c4100000, 0x00000000c4200000, 0x00000000c4200000|100%| O|  |TAMS 0x00000000c4200000, 0x00000000c4100000| Untracked 
|   2|0x00000000c4200000, 0x00000000c4300000, 0x00000000c4300000|100%| O|  |TAMS 0x00000000c4300000, 0x00000000c4200000| Untracked 
|   3|0x00000000c4300000, 0x00000000c43c8000, 0x00000000c4400000| 78%| O|  |TAMS 0x00000000c43c8000, 0x00000000c4300000| Untracked 
|   4|0x00000000c4400000, 0x00000000c4500000, 0x00000000c4500000|100%| O|  |TAMS 0x00000000c4500000, 0x00000000c4400000| Untracked 
|   5|0x00000000c4500000, 0x00000000c4600000, 0x00000000c4600000|100%| O|  |TAMS 0x00000000c4600000, 0x00000000c4500000| Untracked 
|   6|0x00000000c4600000, 0x00000000c4700000, 0x00000000c4700000|100%| O|  |TAMS 0x00000000c4700000, 0x00000000c4600000| Untracked 
|   7|0x00000000c4700000, 0x00000000c4800000, 0x00000000c4800000|100%| O|  |TAMS 0x00000000c4800000, 0x00000000c4700000| Untracked 
|   8|0x00000000c4800000, 0x00000000c4900000, 0x00000000c4900000|100%| O|  |TAMS 0x00000000c4900000, 0x00000000c4800000| Untracked 
|   9|0x00000000c4900000, 0x00000000c4a00000, 0x00000000c4a00000|100%| O|  |TAMS 0x00000000c4a00000, 0x00000000c4900000| Untracked 
|  10|0x00000000c4a00000, 0x00000000c4b00000, 0x00000000c4b00000|100%| O|  |TAMS 0x00000000c4b00000, 0x00000000c4a00000| Untracked 
|  11|0x00000000c4b00000, 0x00000000c4c00000, 0x00000000c4c00000|100%| O|  |TAMS 0x00000000c4c00000, 0x00000000c4b00000| Untracked 
|  12|0x00000000c4c00000, 0x00000000c4d00000, 0x00000000c4d00000|100%| O|  |TAMS 0x00000000c4d00000, 0x00000000c4c00000| Untracked 
|  13|0x00000000c4d00000, 0x00000000c4e00000, 0x00000000c4e00000|100%| O|  |TAMS 0x00000000c4e00000, 0x00000000c4d00000| Untracked 
|  14|0x00000000c4e00000, 0x00000000c4f00000, 0x00000000c4f00000|100%| O|  |TAMS 0x00000000c4f00000, 0x00000000c4e00000| Untracked 
|  15|0x00000000c4f00000, 0x00000000c4f00000, 0x00000000c5000000|  0%| F|  |TAMS 0x00000000c4f00000, 0x00000000c4f00000| Untracked 
|  16|0x00000000c5000000, 0x00000000c5000000, 0x00000000c5100000|  0%| F|  |TAMS 0x00000000c5000000, 0x00000000c5000000| Untracked 
|  17|0x00000000c5100000, 0x00000000c5200000, 0x00000000c5200000|100%|HS|  |TAMS 0x00000000c5200000, 0x00000000c5100000| Complete 
|  18|0x00000000c5200000, 0x00000000c5300000, 0x00000000c5300000|100%|HC|  |TAMS 0x00000000c5300000, 0x00000000c5200000| Complete 
|  19|0x00000000c5300000, 0x00000000c5400000, 0x00000000c5400000|100%| O|  |TAMS 0x00000000c5400000, 0x00000000c5300000| Untracked 
|  20|0x00000000c5400000, 0x00000000c54e6e00, 0x00000000c5500000| 90%| O|  |TAMS 0x00000000c5449c00, 0x00000000c5400000| Untracked 
|  21|0x00000000c5500000, 0x00000000c5600000, 0x00000000c5600000|100%| O|  |TAMS 0x00000000c5600000, 0x00000000c5500000| Untracked 
|  22|0x00000000c5600000, 0x00000000c5700000, 0x00000000c5700000|100%|HS|  |TAMS 0x00000000c5700000, 0x00000000c5600000| Complete 
|  23|0x00000000c5700000, 0x00000000c5800000, 0x00000000c5800000|100%|HC|  |TAMS 0x00000000c5800000, 0x00000000c5700000| Complete 
|  24|0x00000000c5800000, 0x00000000c5900000, 0x00000000c5900000|100%|HS|  |TAMS 0x00000000c5900000, 0x00000000c5800000| Complete 
|  25|0x00000000c5900000, 0x00000000c5a00000, 0x00000000c5a00000|100%|HC|  |TAMS 0x00000000c5a00000, 0x00000000c5900000| Complete 
|  26|0x00000000c5a00000, 0x00000000c5b00000, 0x00000000c5b00000|100%| O|  |TAMS 0x00000000c5b00000, 0x00000000c5a00000| Untracked 
|  27|0x00000000c5b00000, 0x00000000c5c00000, 0x00000000c5c00000|100%|HS|  |TAMS 0x00000000c5c00000, 0x00000000c5b00000| Complete 
|  28|0x00000000c5c00000, 0x00000000c5d00000, 0x00000000c5d00000|100%|HC|  |TAMS 0x00000000c5d00000, 0x00000000c5c00000| Complete 
|  29|0x00000000c5d00000, 0x00000000c5e00000, 0x00000000c5e00000|100%|HS|  |TAMS 0x00000000c5e00000, 0x00000000c5d00000| Complete 
|  30|0x00000000c5e00000, 0x00000000c5f00000, 0x00000000c5f00000|100%|HC|  |TAMS 0x00000000c5f00000, 0x00000000c5e00000| Complete 
|  31|0x00000000c5f00000, 0x00000000c6000000, 0x00000000c6000000|100%|HS|  |TAMS 0x00000000c6000000, 0x00000000c5f00000| Complete 
|  32|0x00000000c6000000, 0x00000000c6100000, 0x00000000c6100000|100%|HC|  |TAMS 0x00000000c6100000, 0x00000000c6000000| Complete 
|  33|0x00000000c6100000, 0x00000000c6200000, 0x00000000c6200000|100%| O|  |TAMS 0x00000000c6200000, 0x00000000c6100000| Untracked 
|  34|0x00000000c6200000, 0x00000000c6200000, 0x00000000c6300000|  0%| F|  |TAMS 0x00000000c6200000, 0x00000000c6200000| Untracked 
|  35|0x00000000c6300000, 0x00000000c6400000, 0x00000000c6400000|100%| O|  |TAMS 0x00000000c6400000, 0x00000000c6300000| Untracked 
|  36|0x00000000c6400000, 0x00000000c6500000, 0x00000000c6500000|100%|HS|  |TAMS 0x00000000c6500000, 0x00000000c6400000| Complete 
|  37|0x00000000c6500000, 0x00000000c6600000, 0x00000000c6600000|100%|HC|  |TAMS 0x00000000c6600000, 0x00000000c6500000| Complete 
|  38|0x00000000c6600000, 0x00000000c6700000, 0x00000000c6700000|100%| O|  |TAMS 0x00000000c6700000, 0x00000000c6600000| Untracked 
|  39|0x00000000c6700000, 0x00000000c6700000, 0x00000000c6800000|  0%| F|  |TAMS 0x00000000c6700000, 0x00000000c6700000| Untracked 
|  40|0x00000000c6800000, 0x00000000c6800000, 0x00000000c6900000|  0%| F|  |TAMS 0x00000000c6800000, 0x00000000c6800000| Untracked 
|  41|0x00000000c6900000, 0x00000000c6a00000, 0x00000000c6a00000|100%|HS|  |TAMS 0x00000000c6a00000, 0x00000000c6900000| Complete 
|  42|0x00000000c6a00000, 0x00000000c6b00000, 0x00000000c6b00000|100%|HC|  |TAMS 0x00000000c6b00000, 0x00000000c6a00000| Complete 
|  43|0x00000000c6b00000, 0x00000000c6c00000, 0x00000000c6c00000|100%|HS|  |TAMS 0x00000000c6c00000, 0x00000000c6b00000| Complete 
|  44|0x00000000c6c00000, 0x00000000c6d00000, 0x00000000c6d00000|100%|HC|  |TAMS 0x00000000c6d00000, 0x00000000c6c00000| Complete 
|  45|0x00000000c6d00000, 0x00000000c6e00000, 0x00000000c6e00000|100%|HS|  |TAMS 0x00000000c6e00000, 0x00000000c6d00000| Complete 
|  46|0x00000000c6e00000, 0x00000000c6f00000, 0x00000000c6f00000|100%|HC|  |TAMS 0x00000000c6f00000, 0x00000000c6e00000| Complete 
|  47|0x00000000c6f00000, 0x00000000c7000000, 0x00000000c7000000|100%|HS|  |TAMS 0x00000000c7000000, 0x00000000c6f00000| Complete 
|  48|0x00000000c7000000, 0x00000000c7100000, 0x00000000c7100000|100%|HC|  |TAMS 0x00000000c7100000, 0x00000000c7000000| Complete 
|  49|0x00000000c7100000, 0x00000000c7200000, 0x00000000c7200000|100%|HS|  |TAMS 0x00000000c7200000, 0x00000000c7100000| Complete 
|  50|0x00000000c7200000, 0x00000000c7300000, 0x00000000c7300000|100%|HC|  |TAMS 0x00000000c7300000, 0x00000000c7200000| Complete 
|  51|0x00000000c7300000, 0x00000000c7400000, 0x00000000c7400000|100%|HS|  |TAMS 0x00000000c7400000, 0x00000000c7300000| Complete 
|  52|0x00000000c7400000, 0x00000000c7500000, 0x00000000c7500000|100%|HC|  |TAMS 0x00000000c7500000, 0x00000000c7400000| Complete 
|  53|0x00000000c7500000, 0x00000000c7600000, 0x00000000c7600000|100%|HS|  |TAMS 0x00000000c7500000, 0x00000000c7500000| Complete 
|  54|0x00000000c7600000, 0x00000000c7700000, 0x00000000c7700000|100%|HC|  |TAMS 0x00000000c7600000, 0x00000000c7600000| Complete 
|  55|0x00000000c7700000, 0x00000000c7700000, 0x00000000c7800000|  0%| F|  |TAMS 0x00000000c7700000, 0x00000000c7700000| Untracked 
|  56|0x00000000c7800000, 0x00000000c7900000, 0x00000000c7900000|100%|HS|  |TAMS 0x00000000c7900000, 0x00000000c7800000| Complete 
|  57|0x00000000c7900000, 0x00000000c7a00000, 0x00000000c7a00000|100%|HC|  |TAMS 0x00000000c7a00000, 0x00000000c7900000| Complete 
|  58|0x00000000c7a00000, 0x00000000c7b00000, 0x00000000c7b00000|100%|HS|  |TAMS 0x00000000c7b00000, 0x00000000c7a00000| Complete 
|  59|0x00000000c7b00000, 0x00000000c7c00000, 0x00000000c7c00000|100%|HC|  |TAMS 0x00000000c7c00000, 0x00000000c7b00000| Complete 
|  60|0x00000000c7c00000, 0x00000000c7c00000, 0x00000000c7d00000|  0%| F|  |TAMS 0x00000000c7c00000, 0x00000000c7c00000| Untracked 
|  61|0x00000000c7d00000, 0x00000000c7e00000, 0x00000000c7e00000|100%| O|  |TAMS 0x00000000c7e00000, 0x00000000c7d00000| Untracked 
|  62|0x00000000c7e00000, 0x00000000c7f00000, 0x00000000c7f00000|100%|HS|  |TAMS 0x00000000c7f00000, 0x00000000c7e00000| Complete 
|  63|0x00000000c7f00000, 0x00000000c8000000, 0x00000000c8000000|100%|HC|  |TAMS 0x00000000c8000000, 0x00000000c7f00000| Complete 
|  64|0x00000000c8000000, 0x00000000c8100000, 0x00000000c8100000|100%| O|  |TAMS 0x00000000c8100000, 0x00000000c8000000| Untracked 
|  65|0x00000000c8100000, 0x00000000c8200000, 0x00000000c8200000|100%|HS|  |TAMS 0x00000000c8100000, 0x00000000c8100000| Complete 
|  66|0x00000000c8200000, 0x00000000c8300000, 0x00000000c8300000|100%|HC|  |TAMS 0x00000000c8200000, 0x00000000c8200000| Complete 
|  67|0x00000000c8300000, 0x00000000c8400000, 0x00000000c8400000|100%|HS|  |TAMS 0x00000000c8300000, 0x00000000c8300000| Complete 
|  68|0x00000000c8400000, 0x00000000c8500000, 0x00000000c8500000|100%|HC|  |TAMS 0x00000000c8400000, 0x00000000c8400000| Complete 
|  69|0x00000000c8500000, 0x00000000c8600000, 0x00000000c8600000|100%|HS|  |TAMS 0x00000000c8500000, 0x00000000c8500000| Complete 
|  70|0x00000000c8600000, 0x00000000c8700000, 0x00000000c8700000|100%|HC|  |TAMS 0x00000000c8600000, 0x00000000c8600000| Complete 
|  71|0x00000000c8700000, 0x00000000c8800000, 0x00000000c8800000|100%|HS|  |TAMS 0x00000000c8700000, 0x00000000c8700000| Complete 
|  72|0x00000000c8800000, 0x00000000c8900000, 0x00000000c8900000|100%|HC|  |TAMS 0x00000000c8800000, 0x00000000c8800000| Complete 
|  73|0x00000000c8900000, 0x00000000c8900000, 0x00000000c8a00000|  0%| F|  |TAMS 0x00000000c8900000, 0x00000000c8900000| Untracked 
|  74|0x00000000c8a00000, 0x00000000c8a00000, 0x00000000c8b00000|  0%| F|  |TAMS 0x00000000c8a00000, 0x00000000c8a00000| Untracked 
|  75|0x00000000c8b00000, 0x00000000c8c00000, 0x00000000c8c00000|100%|HS|  |TAMS 0x00000000c8c00000, 0x00000000c8b00000| Complete 
|  76|0x00000000c8c00000, 0x00000000c8d00000, 0x00000000c8d00000|100%|HC|  |TAMS 0x00000000c8d00000, 0x00000000c8c00000| Complete 
|  77|0x00000000c8d00000, 0x00000000c8d00000, 0x00000000c8e00000|  0%| F|  |TAMS 0x00000000c8d00000, 0x00000000c8d00000| Untracked 
|  78|0x00000000c8e00000, 0x00000000c8e00000, 0x00000000c8f00000|  0%| F|  |TAMS 0x00000000c8e00000, 0x00000000c8e00000| Untracked 
|  79|0x00000000c8f00000, 0x00000000c8f00000, 0x00000000c9000000|  0%| F|  |TAMS 0x00000000c8f00000, 0x00000000c8f00000| Untracked 
|  80|0x00000000c9000000, 0x00000000c9000000, 0x00000000c9100000|  0%| F|  |TAMS 0x00000000c9000000, 0x00000000c9000000| Untracked 
|  81|0x00000000c9100000, 0x00000000c9100000, 0x00000000c9200000|  0%| F|  |TAMS 0x00000000c9100000, 0x00000000c9100000| Untracked 
|  82|0x00000000c9200000, 0x00000000c9300000, 0x00000000c9300000|100%|HS|  |TAMS 0x00000000c9300000, 0x00000000c9200000| Complete 
|  83|0x00000000c9300000, 0x00000000c9400000, 0x00000000c9400000|100%|HC|  |TAMS 0x00000000c9400000, 0x00000000c9300000| Complete 
|  84|0x00000000c9400000, 0x00000000c9400000, 0x00000000c9500000|  0%| F|  |TAMS 0x00000000c9400000, 0x00000000c9400000| Untracked 
|  85|0x00000000c9500000, 0x00000000c9500000, 0x00000000c9600000|  0%| F|  |TAMS 0x00000000c9500000, 0x00000000c9500000| Untracked 
|  86|0x00000000c9600000, 0x00000000c9700000, 0x00000000c9700000|100%|HS|  |TAMS 0x00000000c9700000, 0x00000000c9600000| Complete 
|  87|0x00000000c9700000, 0x00000000c9800000, 0x00000000c9800000|100%|HC|  |TAMS 0x00000000c9800000, 0x00000000c9700000| Complete 
|  88|0x00000000c9800000, 0x00000000c9800000, 0x00000000c9900000|  0%| F|  |TAMS 0x00000000c9800000, 0x00000000c9800000| Untracked 
|  89|0x00000000c9900000, 0x00000000c9900000, 0x00000000c9a00000|  0%| F|  |TAMS 0x00000000c9900000, 0x00000000c9900000| Untracked 
|  90|0x00000000c9a00000, 0x00000000c9a00000, 0x00000000c9b00000|  0%| F|  |TAMS 0x00000000c9a00000, 0x00000000c9a00000| Untracked 
|  91|0x00000000c9b00000, 0x00000000c9b00000, 0x00000000c9c00000|  0%| F|  |TAMS 0x00000000c9b00000, 0x00000000c9b00000| Untracked 
|  92|0x00000000c9c00000, 0x00000000c9c00000, 0x00000000c9d00000|  0%| F|  |TAMS 0x00000000c9c00000, 0x00000000c9c00000| Untracked 
|  93|0x00000000c9d00000, 0x00000000c9d00000, 0x00000000c9e00000|  0%| F|  |TAMS 0x00000000c9d00000, 0x00000000c9d00000| Untracked 
|  94|0x00000000c9e00000, 0x00000000c9e00000, 0x00000000c9f00000|  0%| F|  |TAMS 0x00000000c9e00000, 0x00000000c9e00000| Untracked 
|  95|0x00000000c9f00000, 0x00000000c9f00000, 0x00000000ca000000|  0%| F|  |TAMS 0x00000000c9f00000, 0x00000000c9f00000| Untracked 
|  96|0x00000000ca000000, 0x00000000ca000000, 0x00000000ca100000|  0%| F|  |TAMS 0x00000000ca000000, 0x00000000ca000000| Untracked 
|  97|0x00000000ca100000, 0x00000000ca100000, 0x00000000ca200000|  0%| F|  |TAMS 0x00000000ca100000, 0x00000000ca100000| Untracked 
|  98|0x00000000ca200000, 0x00000000ca200000, 0x00000000ca300000|  0%| F|  |TAMS 0x00000000ca200000, 0x00000000ca200000| Untracked 
|  99|0x00000000ca300000, 0x00000000ca300000, 0x00000000ca400000|  0%| F|  |TAMS 0x00000000ca300000, 0x00000000ca300000| Untracked 
| 100|0x00000000ca400000, 0x00000000ca400000, 0x00000000ca500000|  0%| F|  |TAMS 0x00000000ca400000, 0x00000000ca400000| Untracked 
| 101|0x00000000ca500000, 0x00000000ca500000, 0x00000000ca600000|  0%| F|  |TAMS 0x00000000ca500000, 0x00000000ca500000| Untracked 
| 102|0x00000000ca600000, 0x00000000ca600000, 0x00000000ca700000|  0%| F|  |TAMS 0x00000000ca600000, 0x00000000ca600000| Untracked 
| 103|0x00000000ca700000, 0x00000000ca700000, 0x00000000ca800000|  0%| F|  |TAMS 0x00000000ca700000, 0x00000000ca700000| Untracked 
| 104|0x00000000ca800000, 0x00000000ca800000, 0x00000000ca900000|  0%| F|  |TAMS 0x00000000ca800000, 0x00000000ca800000| Untracked 
| 105|0x00000000ca900000, 0x00000000ca900000, 0x00000000caa00000|  0%| F|  |TAMS 0x00000000ca900000, 0x00000000ca900000| Untracked 
| 106|0x00000000caa00000, 0x00000000caa00000, 0x00000000cab00000|  0%| F|  |TAMS 0x00000000caa00000, 0x00000000caa00000| Untracked 
| 107|0x00000000cab00000, 0x00000000cab00000, 0x00000000cac00000|  0%| F|  |TAMS 0x00000000cab00000, 0x00000000cab00000| Untracked 
| 108|0x00000000cac00000, 0x00000000cad00000, 0x00000000cad00000|100%| O|  |TAMS 0x00000000cad00000, 0x00000000cac00000| Untracked 
| 109|0x00000000cad00000, 0x00000000cad00000, 0x00000000cae00000|  0%| F|  |TAMS 0x00000000cad00000, 0x00000000cad00000| Untracked 
| 110|0x00000000cae00000, 0x00000000cae00000, 0x00000000caf00000|  0%| F|  |TAMS 0x00000000cae00000, 0x00000000cae00000| Untracked 
| 111|0x00000000caf00000, 0x00000000caf00000, 0x00000000cb000000|  0%| F|  |TAMS 0x00000000caf00000, 0x00000000caf00000| Untracked 
| 112|0x00000000cb000000, 0x00000000cb000000, 0x00000000cb100000|  0%| F|  |TAMS 0x00000000cb000000, 0x00000000cb000000| Untracked 
| 113|0x00000000cb100000, 0x00000000cb100000, 0x00000000cb200000|  0%| F|  |TAMS 0x00000000cb100000, 0x00000000cb100000| Untracked 
| 114|0x00000000cb200000, 0x00000000cb200000, 0x00000000cb300000|  0%| F|  |TAMS 0x00000000cb200000, 0x00000000cb200000| Untracked 
| 115|0x00000000cb300000, 0x00000000cb300000, 0x00000000cb400000|  0%| F|  |TAMS 0x00000000cb300000, 0x00000000cb300000| Untracked 
| 116|0x00000000cb400000, 0x00000000cb400000, 0x00000000cb500000|  0%| F|  |TAMS 0x00000000cb400000, 0x00000000cb400000| Untracked 
| 117|0x00000000cb500000, 0x00000000cb500000, 0x00000000cb600000|  0%| F|  |TAMS 0x00000000cb500000, 0x00000000cb500000| Untracked 
| 118|0x00000000cb600000, 0x00000000cb600000, 0x00000000cb700000|  0%| F|  |TAMS 0x00000000cb600000, 0x00000000cb600000| Untracked 
| 119|0x00000000cb700000, 0x00000000cb700000, 0x00000000cb800000|  0%| F|  |TAMS 0x00000000cb700000, 0x00000000cb700000| Untracked 
| 120|0x00000000cb800000, 0x00000000cb800000, 0x00000000cb900000|  0%| F|  |TAMS 0x00000000cb800000, 0x00000000cb800000| Untracked 
| 121|0x00000000cb900000, 0x00000000cb900000, 0x00000000cba00000|  0%| F|  |TAMS 0x00000000cb900000, 0x00000000cb900000| Untracked 
| 122|0x00000000cba00000, 0x00000000cba00000, 0x00000000cbb00000|  0%| F|  |TAMS 0x00000000cba00000, 0x00000000cba00000| Untracked 
| 123|0x00000000cbb00000, 0x00000000cbb00000, 0x00000000cbc00000|  0%| F|  |TAMS 0x00000000cbb00000, 0x00000000cbb00000| Untracked 
| 124|0x00000000cbc00000, 0x00000000cbc00000, 0x00000000cbd00000|  0%| F|  |TAMS 0x00000000cbc00000, 0x00000000cbc00000| Untracked 
| 125|0x00000000cbd00000, 0x00000000cbd00000, 0x00000000cbe00000|  0%| F|  |TAMS 0x00000000cbd00000, 0x00000000cbd00000| Untracked 
| 126|0x00000000cbe00000, 0x00000000cbe00000, 0x00000000cbf00000|  0%| F|  |TAMS 0x00000000cbe00000, 0x00000000cbe00000| Untracked 
| 127|0x00000000cbf00000, 0x00000000cbf00000, 0x00000000cc000000|  0%| F|  |TAMS 0x00000000cbf00000, 0x00000000cbf00000| Untracked 
| 128|0x00000000cc000000, 0x00000000cc000000, 0x00000000cc100000|  0%| F|  |TAMS 0x00000000cc000000, 0x00000000cc000000| Untracked 
| 129|0x00000000cc100000, 0x00000000cc100000, 0x00000000cc200000|  0%| F|  |TAMS 0x00000000cc100000, 0x00000000cc100000| Untracked 
| 130|0x00000000cc200000, 0x00000000cc200000, 0x00000000cc300000|  0%| F|  |TAMS 0x00000000cc200000, 0x00000000cc200000| Untracked 
| 131|0x00000000cc300000, 0x00000000cc300000, 0x00000000cc400000|  0%| F|  |TAMS 0x00000000cc300000, 0x00000000cc300000| Untracked 
| 132|0x00000000cc400000, 0x00000000cc400000, 0x00000000cc500000|  0%| F|  |TAMS 0x00000000cc400000, 0x00000000cc400000| Untracked 
| 133|0x00000000cc500000, 0x00000000cc500000, 0x00000000cc600000|  0%| F|  |TAMS 0x00000000cc500000, 0x00000000cc500000| Untracked 
| 134|0x00000000cc600000, 0x00000000cc600000, 0x00000000cc700000|  0%| F|  |TAMS 0x00000000cc600000, 0x00000000cc600000| Untracked 
| 135|0x00000000cc700000, 0x00000000cc700000, 0x00000000cc800000|  0%| F|  |TAMS 0x00000000cc700000, 0x00000000cc700000| Untracked 
| 136|0x00000000cc800000, 0x00000000cc800000, 0x00000000cc900000|  0%| F|  |TAMS 0x00000000cc800000, 0x00000000cc800000| Untracked 
| 137|0x00000000cc900000, 0x00000000cc900000, 0x00000000cca00000|  0%| F|  |TAMS 0x00000000cc900000, 0x00000000cc900000| Untracked 
| 138|0x00000000cca00000, 0x00000000cca00000, 0x00000000ccb00000|  0%| F|  |TAMS 0x00000000cca00000, 0x00000000cca00000| Untracked 
| 139|0x00000000ccb00000, 0x00000000ccb00000, 0x00000000ccc00000|  0%| F|  |TAMS 0x00000000ccb00000, 0x00000000ccb00000| Untracked 
| 140|0x00000000ccc00000, 0x00000000ccc00000, 0x00000000ccd00000|  0%| F|  |TAMS 0x00000000ccc00000, 0x00000000ccc00000| Untracked 
| 141|0x00000000ccd00000, 0x00000000ccd00000, 0x00000000cce00000|  0%| F|  |TAMS 0x00000000ccd00000, 0x00000000ccd00000| Untracked 
| 142|0x00000000cce00000, 0x00000000cce00000, 0x00000000ccf00000|  0%| F|  |TAMS 0x00000000cce00000, 0x00000000cce00000| Untracked 
| 143|0x00000000ccf00000, 0x00000000ccf00000, 0x00000000cd000000|  0%| F|  |TAMS 0x00000000ccf00000, 0x00000000ccf00000| Untracked 
| 144|0x00000000cd000000, 0x00000000cd000000, 0x00000000cd100000|  0%| F|  |TAMS 0x00000000cd000000, 0x00000000cd000000| Untracked 
| 145|0x00000000cd100000, 0x00000000cd100000, 0x00000000cd200000|  0%| F|  |TAMS 0x00000000cd100000, 0x00000000cd100000| Untracked 
| 146|0x00000000cd200000, 0x00000000cd200000, 0x00000000cd300000|  0%| F|  |TAMS 0x00000000cd200000, 0x00000000cd200000| Untracked 
| 147|0x00000000cd300000, 0x00000000cd300000, 0x00000000cd400000|  0%| F|  |TAMS 0x00000000cd300000, 0x00000000cd300000| Untracked 
| 148|0x00000000cd400000, 0x00000000cd400000, 0x00000000cd500000|  0%| F|  |TAMS 0x00000000cd400000, 0x00000000cd400000| Untracked 
| 149|0x00000000cd500000, 0x00000000cd500000, 0x00000000cd600000|  0%| F|  |TAMS 0x00000000cd500000, 0x00000000cd500000| Untracked 
| 150|0x00000000cd600000, 0x00000000cd600000, 0x00000000cd700000|  0%| F|  |TAMS 0x00000000cd600000, 0x00000000cd600000| Untracked 
| 151|0x00000000cd700000, 0x00000000cd700000, 0x00000000cd800000|  0%| F|  |TAMS 0x00000000cd700000, 0x00000000cd700000| Untracked 
| 152|0x00000000cd800000, 0x00000000cd800000, 0x00000000cd900000|  0%| F|  |TAMS 0x00000000cd800000, 0x00000000cd800000| Untracked 
| 153|0x00000000cd900000, 0x00000000cd900000, 0x00000000cda00000|  0%| F|  |TAMS 0x00000000cd900000, 0x00000000cd900000| Untracked 
| 154|0x00000000cda00000, 0x00000000cda00000, 0x00000000cdb00000|  0%| F|  |TAMS 0x00000000cda00000, 0x00000000cda00000| Untracked 
| 155|0x00000000cdb00000, 0x00000000cdb00000, 0x00000000cdc00000|  0%| F|  |TAMS 0x00000000cdb00000, 0x00000000cdb00000| Untracked 
| 156|0x00000000cdc00000, 0x00000000cdc00000, 0x00000000cdd00000|  0%| F|  |TAMS 0x00000000cdc00000, 0x00000000cdc00000| Untracked 
| 157|0x00000000cdd00000, 0x00000000cdd00000, 0x00000000cde00000|  0%| F|  |TAMS 0x00000000cdd00000, 0x00000000cdd00000| Untracked 
| 158|0x00000000cde00000, 0x00000000cde00000, 0x00000000cdf00000|  0%| F|  |TAMS 0x00000000cde00000, 0x00000000cde00000| Untracked 
| 159|0x00000000cdf00000, 0x00000000cdf00000, 0x00000000ce000000|  0%| F|  |TAMS 0x00000000cdf00000, 0x00000000cdf00000| Untracked 
| 160|0x00000000ce000000, 0x00000000ce000000, 0x00000000ce100000|  0%| F|  |TAMS 0x00000000ce000000, 0x00000000ce000000| Untracked 
| 161|0x00000000ce100000, 0x00000000ce100000, 0x00000000ce200000|  0%| F|  |TAMS 0x00000000ce100000, 0x00000000ce100000| Untracked 
| 162|0x00000000ce200000, 0x00000000ce200000, 0x00000000ce300000|  0%| F|  |TAMS 0x00000000ce200000, 0x00000000ce200000| Untracked 
| 163|0x00000000ce300000, 0x00000000ce300000, 0x00000000ce400000|  0%| F|  |TAMS 0x00000000ce300000, 0x00000000ce300000| Untracked 
| 164|0x00000000ce400000, 0x00000000ce400000, 0x00000000ce500000|  0%| F|  |TAMS 0x00000000ce400000, 0x00000000ce400000| Untracked 
| 165|0x00000000ce500000, 0x00000000ce500000, 0x00000000ce600000|  0%| F|  |TAMS 0x00000000ce500000, 0x00000000ce500000| Untracked 
| 166|0x00000000ce600000, 0x00000000ce600000, 0x00000000ce700000|  0%| F|  |TAMS 0x00000000ce600000, 0x00000000ce600000| Untracked 
| 167|0x00000000ce700000, 0x00000000ce700000, 0x00000000ce800000|  0%| F|  |TAMS 0x00000000ce700000, 0x00000000ce700000| Untracked 
| 168|0x00000000ce800000, 0x00000000ce800000, 0x00000000ce900000|  0%| F|  |TAMS 0x00000000ce800000, 0x00000000ce800000| Untracked 
| 169|0x00000000ce900000, 0x00000000ce900000, 0x00000000cea00000|  0%| F|  |TAMS 0x00000000ce900000, 0x00000000ce900000| Untracked 
| 170|0x00000000cea00000, 0x00000000cea00000, 0x00000000ceb00000|  0%| F|  |TAMS 0x00000000cea00000, 0x00000000cea00000| Untracked 
| 171|0x00000000ceb00000, 0x00000000ceb00000, 0x00000000cec00000|  0%| F|  |TAMS 0x00000000ceb00000, 0x00000000ceb00000| Untracked 
| 172|0x00000000cec00000, 0x00000000cec00000, 0x00000000ced00000|  0%| F|  |TAMS 0x00000000cec00000, 0x00000000cec00000| Untracked 
| 173|0x00000000ced00000, 0x00000000ced00000, 0x00000000cee00000|  0%| F|  |TAMS 0x00000000ced00000, 0x00000000ced00000| Untracked 
| 174|0x00000000cee00000, 0x00000000cee00000, 0x00000000cef00000|  0%| F|  |TAMS 0x00000000cee00000, 0x00000000cee00000| Untracked 
| 175|0x00000000cef00000, 0x00000000cef00000, 0x00000000cf000000|  0%| F|  |TAMS 0x00000000cef00000, 0x00000000cef00000| Untracked 
| 176|0x00000000cf000000, 0x00000000cf000000, 0x00000000cf100000|  0%| F|  |TAMS 0x00000000cf000000, 0x00000000cf000000| Untracked 
| 177|0x00000000cf100000, 0x00000000cf100000, 0x00000000cf200000|  0%| F|  |TAMS 0x00000000cf100000, 0x00000000cf100000| Untracked 
| 178|0x00000000cf200000, 0x00000000cf200000, 0x00000000cf300000|  0%| F|  |TAMS 0x00000000cf200000, 0x00000000cf200000| Untracked 
| 179|0x00000000cf300000, 0x00000000cf300000, 0x00000000cf400000|  0%| F|  |TAMS 0x00000000cf300000, 0x00000000cf300000| Untracked 
| 180|0x00000000cf400000, 0x00000000cf400000, 0x00000000cf500000|  0%| F|  |TAMS 0x00000000cf400000, 0x00000000cf400000| Untracked 
| 181|0x00000000cf500000, 0x00000000cf500000, 0x00000000cf600000|  0%| F|  |TAMS 0x00000000cf500000, 0x00000000cf500000| Untracked 
| 182|0x00000000cf600000, 0x00000000cf600000, 0x00000000cf700000|  0%| F|  |TAMS 0x00000000cf600000, 0x00000000cf600000| Untracked 
| 183|0x00000000cf700000, 0x00000000cf700000, 0x00000000cf800000|  0%| F|  |TAMS 0x00000000cf700000, 0x00000000cf700000| Untracked 
| 184|0x00000000cf800000, 0x00000000cf800000, 0x00000000cf900000|  0%| F|  |TAMS 0x00000000cf800000, 0x00000000cf800000| Untracked 
| 185|0x00000000cf900000, 0x00000000cf900000, 0x00000000cfa00000|  0%| F|  |TAMS 0x00000000cf900000, 0x00000000cf900000| Untracked 
| 186|0x00000000cfa00000, 0x00000000cfa00000, 0x00000000cfb00000|  0%| F|  |TAMS 0x00000000cfa00000, 0x00000000cfa00000| Untracked 
| 187|0x00000000cfb00000, 0x00000000cfb00000, 0x00000000cfc00000|  0%| F|  |TAMS 0x00000000cfb00000, 0x00000000cfb00000| Untracked 
| 188|0x00000000cfc00000, 0x00000000cfc00000, 0x00000000cfd00000|  0%| F|  |TAMS 0x00000000cfc00000, 0x00000000cfc00000| Untracked 
| 189|0x00000000cfd00000, 0x00000000cfd00000, 0x00000000cfe00000|  0%| F|  |TAMS 0x00000000cfd00000, 0x00000000cfd00000| Untracked 
| 190|0x00000000cfe00000, 0x00000000cfe00000, 0x00000000cff00000|  0%| F|  |TAMS 0x00000000cfe00000, 0x00000000cfe00000| Untracked 
| 191|0x00000000cff00000, 0x00000000cff00000, 0x00000000d0000000|  0%| F|  |TAMS 0x00000000cff00000, 0x00000000cff00000| Untracked 
| 192|0x00000000d0000000, 0x00000000d0000000, 0x00000000d0100000|  0%| F|  |TAMS 0x00000000d0000000, 0x00000000d0000000| Untracked 
| 193|0x00000000d0100000, 0x00000000d0100000, 0x00000000d0200000|  0%| F|  |TAMS 0x00000000d0100000, 0x00000000d0100000| Untracked 
| 194|0x00000000d0200000, 0x00000000d0200000, 0x00000000d0300000|  0%| F|  |TAMS 0x00000000d0200000, 0x00000000d0200000| Untracked 
| 195|0x00000000d0300000, 0x00000000d0300000, 0x00000000d0400000|  0%| F|  |TAMS 0x00000000d0300000, 0x00000000d0300000| Untracked 
| 196|0x00000000d0400000, 0x00000000d0400000, 0x00000000d0500000|  0%| F|  |TAMS 0x00000000d0400000, 0x00000000d0400000| Untracked 
| 197|0x00000000d0500000, 0x00000000d0500000, 0x00000000d0600000|  0%| F|  |TAMS 0x00000000d0500000, 0x00000000d0500000| Untracked 
| 198|0x00000000d0600000, 0x00000000d0690190, 0x00000000d0700000| 56%| S|CS|TAMS 0x00000000d0600000, 0x00000000d0600000| Complete 
| 199|0x00000000d0700000, 0x00000000d0700000, 0x00000000d0800000|  0%| F|  |TAMS 0x00000000d0700000, 0x00000000d0700000| Untracked 
| 200|0x00000000d0800000, 0x00000000d0900000, 0x00000000d0900000|100%| S|CS|TAMS 0x00000000d0800000, 0x00000000d0800000| Complete 
| 201|0x00000000d0900000, 0x00000000d0900000, 0x00000000d0a00000|  0%| F|  |TAMS 0x00000000d0900000, 0x00000000d0900000| Untracked 
| 202|0x00000000d0a00000, 0x00000000d0a00000, 0x00000000d0b00000|  0%| F|  |TAMS 0x00000000d0a00000, 0x00000000d0a00000| Untracked 
| 203|0x00000000d0b00000, 0x00000000d0b00000, 0x00000000d0c00000|  0%| F|  |TAMS 0x00000000d0b00000, 0x00000000d0b00000| Untracked 
| 204|0x00000000d0c00000, 0x00000000d0c00000, 0x00000000d0d00000|  0%| F|  |TAMS 0x00000000d0c00000, 0x00000000d0c00000| Untracked 
| 205|0x00000000d0d00000, 0x00000000d0d00000, 0x00000000d0e00000|  0%| F|  |TAMS 0x00000000d0d00000, 0x00000000d0d00000| Untracked 
| 206|0x00000000d0e00000, 0x00000000d0e00000, 0x00000000d0f00000|  0%| F|  |TAMS 0x00000000d0e00000, 0x00000000d0e00000| Untracked 
| 207|0x00000000d0f00000, 0x00000000d0f00000, 0x00000000d1000000|  0%| F|  |TAMS 0x00000000d0f00000, 0x00000000d0f00000| Untracked 
| 208|0x00000000d1000000, 0x00000000d1000000, 0x00000000d1100000|  0%| F|  |TAMS 0x00000000d1000000, 0x00000000d1000000| Untracked 
| 209|0x00000000d1100000, 0x00000000d1100000, 0x00000000d1200000|  0%| F|  |TAMS 0x00000000d1100000, 0x00000000d1100000| Untracked 

Card table byte_map: [0x00007f7b83399000,0x00007f7b83579000] _byte_map_base: 0x00007f7b82d79000

Marking Bits (Prev, Next): (CMBitMap*) 0x00007f7b9c050af8, (CMBitMap*) 0x00007f7b9c050ab8
 Prev Bits: [0x00007f7b813b9000, 0x00007f7b822b9000)
 Next Bits: [0x00007f7b822b9000, 0x00007f7b831b9000)

Polling page: 0x00007f7ba2c81000

Metaspace:

Usage:
  Non-class:     39.94 MB capacity,    39.26 MB ( 98%) used,   559.31 KB (  1%) free+waste,   144.94 KB ( <1%) overhead. 
      Class:      5.54 MB capacity,     5.10 MB ( 92%) used,   393.77 KB (  7%) free+waste,    66.69 KB (  1%) overhead. 
       Both:     45.49 MB capacity,    44.35 MB ( 97%) used,   953.09 KB (  2%) free+waste,   211.62 KB ( <1%) overhead. 

Virtual space:
  Non-class space:       40.00 MB reserved,      40.00 MB (100%) committed 
      Class space:        1.00 GB reserved,       5.62 MB ( <1%) committed 
             Both:        1.04 GB reserved,      45.62 MB (  4%) committed 

Chunk freelists:
   Non-Class:  768 bytes
       Class:  128 bytes
        Both:  896 bytes

CodeHeap 'non-profiled nmethods': size=120032Kb used=3215Kb max_used=3215Kb free=116816Kb
 bounds [0x00007f7b8b710000, 0x00007f7b8ba40000, 0x00007f7b92c48000]
CodeHeap 'profiled nmethods': size=120032Kb used=9974Kb max_used=9974Kb free=110057Kb
 bounds [0x00007f7b841d8000, 0x00007f7b84ba8000, 0x00007f7b8b710000]
CodeHeap 'non-nmethods': size=5696Kb used=1167Kb max_used=1212Kb free=4528Kb
 bounds [0x00007f7b83c48000, 0x00007f7b83eb8000, 0x00007f7b841d8000]
 total_blobs=7840 nmethods=4809 adapters=429
 compilation: enabled
              stopped_count=0, restarted_count=0
 full_count=0

Compilation events (10 events):
Event: 244.731 Thread 0x00007f7b9c134000 5674       4       java.lang.AbstractStringBuilder::charAt (36 bytes)
Event: 244.733 Thread 0x00007f7b9c136000 nmethod 5672 0x00007f7b8ba33c90 code [0x00007f7b8ba33e40, 0x00007f7b8ba33f50]
Event: 244.855 Thread 0x00007f7b9c134000 nmethod 5674 0x00007f7b8ba34010 code [0x00007f7b8ba341a0, 0x00007f7b8ba342b8]
Event: 244.954 Thread 0x00007f7b9c136000 5673       3       java.net.URI::<init> (23 bytes)
Event: 245.051 Thread 0x00007f7b9c136000 nmethod 5673 0x00007f7b84ba6190 code [0x00007f7b84ba6380, 0x00007f7b84ba67a8]
Event: 245.084 Thread 0x00007f7b9c134000 5675       4       java.lang.Integer::hashCode (8 bytes)
Event: 245.087 Thread 0x00007f7b9c134000 nmethod 5675 0x00007f7b8ba34410 code [0x00007f7b8ba345a0, 0x00007f7b8ba345f8]
Event: 245.088 Thread 0x00007f7b9c136000 5676       3       java.util.concurrent.ScheduledThreadPoolExecutor$DelayedWorkQueue::siftUp (64 bytes)
Event: 245.092 Thread 0x00007f7b9c136000 nmethod 5676 0x00007f7b84ba6910 code [0x00007f7b84ba6b40, 0x00007f7b84ba76c8]
Event: 245.236 Thread 0x00007f7b9c134000 5677       4       sun.nio.ch.SelectionKeyImpl::interestOps (50 bytes)

GC Heap History (10 events):
Event: 218.724 GC heap after
{Heap after GC invocations=141 (full 0):
 garbage-first heap   total 215040K, used 64498K [0x00000000c4000000, 0x0000000100000000)
  region size 1024K, 1 young (1024K), 1 survivors (1024K)
 Metaspace       used 45379K, capacity 46580K, committed 46720K, reserved 1089536K
  class space    used 5217K, capacity 5678K, committed 5760K, reserved 1048576K
}
Event: 220.470 GC heap before
{Heap before GC invocations=141 (full 0):
 garbage-first heap   total 215040K, used 84978K [0x00000000c4000000, 0x0000000100000000)
  region size 1024K, 10 young (10240K), 1 survivors (1024K)
 Metaspace       used 45382K, capacity 46580K, committed 46720K, reserved 1089536K
  class space    used 5217K, capacity 5678K, committed 5760K, reserved 1048576K
}
Event: 220.472 GC heap after
{Heap after GC invocations=142 (full 0):
 garbage-first heap   total 215040K, used 68409K [0x00000000c4000000, 0x0000000100000000)
  region size 1024K, 1 young (1024K), 1 survivors (1024K)
 Metaspace       used 45382K, capacity 46580K, committed 46720K, reserved 1089536K
  class space    used 5217K, capacity 5678K, committed 5760K, reserved 1048576K
}
Event: 222.576 GC heap before
{Heap before GC invocations=142 (full 0):
 garbage-first heap   total 215040K, used 94009K [0x00000000c4000000, 0x0000000100000000)
  region size 1024K, 16 young (16384K), 1 survivors (1024K)
 Metaspace       used 45389K, capacity 46580K, committed 46720K, reserved 1089536K
  class space    used 5217K, capacity 5678K, committed 5760K, reserved 1048576K
}
Event: 222.858 GC heap after
{Heap after GC invocations=143 (full 0):
 garbage-first heap   total 215040K, used 73297K [0x00000000c4000000, 0x0000000100000000)
  region size 1024K, 2 young (2048K), 2 survivors (2048K)
 Metaspace       used 45389K, capacity 46580K, committed 46720K, reserved 1089536K
  class space    used 5217K, capacity 5678K, committed 5760K, reserved 1048576K
}
Event: 227.078 GC heap before
{Heap before GC invocations=144 (full 0):
 garbage-first heap   total 215040K, used 84561K [0x00000000c4000000, 0x0000000100000000)
  region size 1024K, 10 young (10240K), 2 survivors (2048K)
 Metaspace       used 45406K, capacity 46580K, committed 46720K, reserved 1089536K
  class space    used 5217K, capacity 5678K, committed 5760K, reserved 1048576K
}
Event: 227.706 GC heap after
{Heap after GC invocations=145 (full 0):
 garbage-first heap   total 215040K, used 68913K [0x00000000c4000000, 0x0000000100000000)
  region size 1024K, 1 young (1024K), 1 survivors (1024K)
 Metaspace       used 45406K, capacity 46580K, committed 46720K, reserved 1089536K
  class space    used 5217K, capacity 5678K, committed 5760K, reserved 1048576K
}
Event: 241.869 GC heap before
{Heap before GC invocations=145 (full 0):
 garbage-first heap   total 215040K, used 89393K [0x00000000c4000000, 0x0000000100000000)
  region size 1024K, 10 young (10240K), 1 survivors (1024K)
 Metaspace       used 45414K, capacity 46580K, committed 46720K, reserved 1089536K
  class space    used 5217K, capacity 5678K, committed 5760K, reserved 1048576K
}
Event: 243.550 GC heap after
{Heap after GC invocations=146 (full 0):
 garbage-first heap   total 215040K, used 72949K [0x00000000c4000000, 0x0000000100000000)
  region size 1024K, 1 young (1024K), 1 survivors (1024K)
 Metaspace       used 45414K, capacity 46580K, committed 46720K, reserved 1089536K
  class space    used 5217K, capacity 5678K, committed 5760K, reserved 1048576K
}
Event: 246.551 GC heap before
{Heap before GC invocations=146 (full 0):
 garbage-first heap   total 215040K, used 87285K [0x00000000c4000000, 0x0000000100000000)
  region size 1024K, 10 young (10240K), 1 survivors (1024K)
 Metaspace       used 45415K, capacity 46580K, committed 46720K, reserved 1089536K
  class space    used 5217K, capacity 5678K, committed 5760K, reserved 1048576K
}

Deoptimization events (10 events):
Event: 203.074 Thread 0x00007f7b44001800 Uncommon trap: reason=unstable_if action=reinterpret pc=0x00007f7b8b7c3984 method=com.sun.crypto.provider.GaloisCounterMode.decryptFinal([BII[BI)I @ 5 c2
Event: 203.146 Thread 0x00007f7b44001800 Uncommon trap: reason=unstable_if action=reinterpret pc=0x00007f7b8b8ca340 method=sun.security.ssl.SSLEngineImpl.readRecord([Ljava/nio/ByteBuffer;II[Ljava/nio/ByteBuffer;II)Ljavax/net/ssl/SSLEngineResult; @ 697 c2
Event: 203.146 Thread 0x00007f7b44001800 Uncommon trap: reason=unstable_if action=reinterpret pc=0x00007f7b8b941720 method=jdk.internal.net.http.common.SSLFlowDelegate$Reader.unwrapBuffer(Ljava/nio/ByteBuffer;)Ljdk/internal/net/http/common/SSLFlowDelegate$EngineResult; @ 44 c2
Event: 203.146 Thread 0x00007f7b2001b800 Uncommon trap: reason=unstable_if action=reinterpret pc=0x00007f7b8b9f4254 method=jdk.internal.net.http.common.SubscriberWrapper.checkCompletion()V @ 11 c2
Event: 203.146 Thread 0x00007f7b44001800 Uncommon trap: reason=unstable_if action=reinterpret pc=0x00007f7b8b9ea450 method=jdk.internal.net.http.common.SSLFlowDelegate$Reader.processData()V @ 638 c2
Event: 203.146 Thread 0x00007f7b44001800 Uncommon trap: reason=unstable_if action=reinterpret pc=0x00007f7b8b94d9fc method=jdk.internal.net.http.common.SubscriberWrapper.outgoing(Ljava/util/List;Z)V @ 6 c2
Event: 203.146 Thread 0x00007f7b44001800 Uncommon trap: reason=unstable_if action=reinterpret pc=0x00007f7b8b7a6090 method=jdk.internal.net.http.common.SubscriberWrapper.checkCompletion()V @ 11 c2
Event: 206.149 Thread 0x00007f7b2001b800 Uncommon trap: reason=unstable_if action=reinterpret pc=0x00007f7b8b7c09ec method=java.nio.channels.spi.AbstractInterruptibleChannel.isOpen()Z @ 4 c2
Event: 207.552 Thread 0x00007f7b74007000 Uncommon trap: reason=unstable_if action=reinterpret pc=0x00007f7b8ba08bf8 method=com.sun.crypto.provider.GaloisCounterMode.doLastBlock([BII[BIZ)V @ 167 c2
Event: 210.337 Thread 0x00007f7b04003000 Uncommon trap: reason=class_check action=make_not_entrant pc=0x00007f7b8ba11740 method=java.util.ArrayList.toArray([Ljava/lang/Object;)[Ljava/lang/Object; @ 21 c2

Classes redefined (0 events):
No events

Internal exceptions (10 events):
Event: 35.128 Thread 0x00007f7b9c012800 Exception <a 'java/lang/ClassNotFoundException'{0x00000000c7bc73a8}: org/springframework/context/ResourceLoaderAwareCustomizer> (0x00000000c7bc73a8) thrown at [/build/openjdk-12-k6VIzd/openjdk-12-12.0.2+9/src/hotspot/share/classfile/systemDictionary.cpp, 
Event: 35.128 Thread 0x00007f7b9c012800 Exception <a 'java/lang/ClassNotFoundException'{0x00000000c7bceff0}: org/springframework/beans/factory/AwareCustomizer> (0x00000000c7bceff0) thrown at [/build/openjdk-12-k6VIzd/openjdk-12-12.0.2+9/src/hotspot/share/classfile/systemDictionary.cpp, line 235
Event: 35.129 Thread 0x00007f7b9c012800 Exception <a 'java/lang/ClassNotFoundException'{0x00000000c7bd6900}: org/springframework/context/ApplicationContextAwareCustomizer> (0x00000000c7bd6900) thrown at [/build/openjdk-12-k6VIzd/openjdk-12-12.0.2+9/src/hotspot/share/classfile/systemDictionary.c
Event: 35.129 Thread 0x00007f7b9c012800 Exception <a 'java/lang/ClassNotFoundException'{0x00000000c7bdeef0}: org/springframework/beans/factory/AwareCustomizer> (0x00000000c7bdeef0) thrown at [/build/openjdk-12-k6VIzd/openjdk-12-12.0.2+9/src/hotspot/share/classfile/systemDictionary.cpp, line 235
Event: 35.130 Thread 0x00007f7b9c012800 Exception <a 'java/lang/ClassNotFoundException'{0x00000000c7be67d8}: org/springframework/web/context/ServletContextAwareCustomizer> (0x00000000c7be67d8) thrown at [/build/openjdk-12-k6VIzd/openjdk-12-12.0.2+9/src/hotspot/share/classfile/systemDictionary.c
Event: 35.130 Thread 0x00007f7b9c012800 Exception <a 'java/lang/ClassNotFoundException'{0x00000000c7bee8f8}: org/springframework/beans/factory/AwareCustomizer> (0x00000000c7bee8f8) thrown at [/build/openjdk-12-k6VIzd/openjdk-12-12.0.2+9/src/hotspot/share/classfile/systemDictionary.cpp, line 235
Event: 35.147 Thread 0x00007f7b9c012800 Exception <a 'java/lang/NoSuchMethodError'{0x00000000c7377250}: java.lang.invoke.DirectMethodHandle$Holder.invokeVirtual(Ljava/lang/Object;Ljava/lang/Object;Ljava/lang/Object;Ljava/lang/Object;)V> (0x00000000c7377250) thrown at [/build/openjdk-12-k6VIzd/o
Event: 36.859 Thread 0x00007f7b9c012800 Exception <a 'java/lang/NoSuchMethodError'{0x00000000c6043b90}: java.lang.invoke.DirectMethodHandle$Holder.invokeVirtual(Ljava/lang/Object;Ljava/lang/Object;I)V> (0x00000000c6043b90) thrown at [/build/openjdk-12-k6VIzd/openjdk-12-12.0.2+9/src/hotspot/shar
Event: 37.504 Thread 0x00007f7b9c012800 Exception <a 'java/lang/NoSuchMethodError'{0x00000000c719fbd0}: java.lang.invoke.DirectMethodHandle$Holder.invokeInterface(Ljava/lang/Object;Ljava/lang/Object;Ljava/lang/Object;)Ljava/lang/Object;> (0x00000000c719fbd0) thrown at [/build/openjdk-12-k6VIzd/
Event: 37.504 Thread 0x00007f7b9c012800 Exception <a 'java/lang/IncompatibleClassChangeError'{0x00000000c71a2830}: Found class java.lang.Object, but interface was expected> (0x00000000c71a2830) thrown at [/build/openjdk-12-k6VIzd/openjdk-12-12.0.2+9/src/hotspot/share/interpreter/linkResolver.cp

Events (10 events):
Event: 239.209 Thread 0x00007f7b9c912000 DEOPT PACKING pc=0x00007f7b8495f93e sp=0x00007f7b2a6b23c0
Event: 239.227 Thread 0x00007f7b9c912000 DEOPT UNPACKING pc=0x00007f7b83c70d3a sp=0x00007f7b2a6b1958 mode 0
Event: 239.294 Thread 0x00007f7b3c00b000 Thread added: 0x00007f7b3c00b000
Event: 239.560 Thread 0x00007f7b3c005800 Thread added: 0x00007f7b3c005800
Event: 241.746 Executing VM operation: G1CollectForAllocation
Event: 243.550 Executing VM operation: G1CollectForAllocation done
Event: 244.730 Thread 0x00007f7b20012000 Thread added: 0x00007f7b20012000
Event: 244.832 Thread 0x00007f7b50003800 Thread added: 0x00007f7b50003800
Event: 244.840 Thread 0x00007f7b50016800 Thread added: 0x00007f7b50016800
Event: 245.317 Executing VM operation: G1CollectForAllocation


Dynamic libraries:
00400000-00401000 r-xp 00000000 08:01 22032778                           /usr/lib/jvm/java-12-openjdk-amd64/bin/java
00601000-00602000 r--p 00001000 08:01 22032778                           /usr/lib/jvm/java-12-openjdk-amd64/bin/java
00602000-00603000 rw-p 00002000 08:01 22032778                           /usr/lib/jvm/java-12-openjdk-amd64/bin/java
020ee000-02132000 rw-p 00000000 00:00 0                                  [heap]
c4000000-d1200000 rw-p 00000000 00:00 0 
df800000-100000000 ---p 00000000 00:00 0 
100000000-1005a0000 rw-p 00000000 00:00 0 
1005a0000-140000000 ---p 00000000 00:00 0 
7f7afb4f5000-7f7afb4f9000 ---p 00000000 00:00 0 
7f7afb4f9000-7f7afb5f6000 rw-p 00000000 00:00 0 
7f7afb5f6000-7f7afb5fa000 ---p 00000000 00:00 0 
7f7afb5fa000-7f7afb6f7000 rw-p 00000000 00:00 0 
7f7afb6f7000-7f7afb6fb000 ---p 00000000 00:00 0 
7f7afb6fb000-7f7afb7f8000 rw-p 00000000 00:00 0 
7f7afb7f8000-7f7afb7fc000 ---p 00000000 00:00 0 
7f7afb7fc000-7f7afb8f9000 rw-p 00000000 00:00 0 
7f7afb8f9000-7f7afb8fd000 ---p 00000000 00:00 0 
7f7afb8fd000-7f7afb9fa000 rw-p 00000000 00:00 0 
7f7afb9fa000-7f7afb9fe000 ---p 00000000 00:00 0 
7f7afb9fe000-7f7afbafb000 rw-p 00000000 00:00 0 
7f7afbafb000-7f7afbaff000 ---p 00000000 00:00 0 
7f7afbaff000-7f7afbbfc000 rw-p 00000000 00:00 0 
7f7afbbfc000-7f7afbc00000 ---p 00000000 00:00 0 
7f7afbc00000-7f7afbcfd000 rw-p 00000000 00:00 0 
7f7afbcfd000-7f7afbd01000 ---p 00000000 00:00 0 
7f7afbd01000-7f7afbdfe000 rw-p 00000000 00:00 0 
7f7afbdfe000-7f7afbe02000 ---p 00000000 00:00 0 
7f7afbe02000-7f7afbeff000 rw-p 00000000 00:00 0 
7f7afbeff000-7f7afbf03000 ---p 00000000 00:00 0 
7f7afbf03000-7f7afc000000 rw-p 00000000 00:00 0 
7f7afc000000-7f7afc024000 rw-p 00000000 00:00 0 
7f7afc024000-7f7b00000000 ---p 00000000 00:00 0 
7f7b000c1000-7f7b000c5000 ---p 00000000 00:00 0 
7f7b000c5000-7f7b001c2000 rw-p 00000000 00:00 0 
7f7b001c2000-7f7b001c6000 ---p 00000000 00:00 0 
7f7b001c6000-7f7b002c3000 rw-p 00000000 00:00 0 
7f7b002c3000-7f7b002c7000 ---p 00000000 00:00 0 
7f7b002c7000-7f7b003c4000 rw-p 00000000 00:00 0 
7f7b003c4000-7f7b003c8000 ---p 00000000 00:00 0 
7f7b003c8000-7f7b004c5000 rw-p 00000000 00:00 0 
7f7b004c5000-7f7b004c9000 ---p 00000000 00:00 0 
7f7b004c9000-7f7b005c6000 rw-p 00000000 00:00 0 
7f7b005c6000-7f7b005ca000 ---p 00000000 00:00 0 
7f7b005ca000-7f7b006c7000 rw-p 00000000 00:00 0 
7f7b006c7000-7f7b006cb000 ---p 00000000 00:00 0 
7f7b006cb000-7f7b007c8000 rw-p 00000000 00:00 0 
7f7b007c8000-7f7b007cc000 ---p 00000000 00:00 0 
7f7b007cc000-7f7b008c9000 rw-p 00000000 00:00 0 
7f7b008c9000-7f7b008cd000 ---p 00000000 00:00 0 
7f7b008cd000-7f7b009ca000 rw-p 00000000 00:00 0 
7f7b009ca000-7f7b009ce000 ---p 00000000 00:00 0 
7f7b009ce000-7f7b00acb000 rw-p 00000000 00:00 0 
7f7b00ccd000-7f7b00cd1000 ---p 00000000 00:00 0 
7f7b00cd1000-7f7b00dce000 rw-p 00000000 00:00 0 
7f7b00fd0000-7f7b00fd4000 ---p 00000000 00:00 0 
7f7b00fd4000-7f7b010d1000 rw-p 00000000 00:00 0 
7f7b010d1000-7f7b010d5000 ---p 00000000 00:00 0 
7f7b010d5000-7f7b011d2000 rw-p 00000000 00:00 0 
7f7b014d5000-7f7b014d9000 ---p 00000000 00:00 0 
7f7b014d9000-7f7b015d6000 rw-p 00000000 00:00 0 
7f7b015d6000-7f7b015da000 ---p 00000000 00:00 0 
7f7b015da000-7f7b016d7000 rw-p 00000000 00:00 0 
7f7b017d8000-7f7b017dc000 ---p 00000000 00:00 0 
7f7b017dc000-7f7b018d9000 rw-p 00000000 00:00 0 
7f7b01adb000-7f7b01adf000 ---p 00000000 00:00 0 
7f7b01adf000-7f7b01bdc000 rw-p 00000000 00:00 0 
7f7b01bdc000-7f7b01be0000 ---p 00000000 00:00 0 
7f7b01be0000-7f7b01cdd000 rw-p 00000000 00:00 0 
7f7b01cdd000-7f7b01ce1000 ---p 00000000 00:00 0 
7f7b01ce1000-7f7b01dde000 rw-p 00000000 00:00 0 
7f7b01edf000-7f7b01ee3000 ---p 00000000 00:00 0 
7f7b01ee3000-7f7b01fe0000 rw-p 00000000 00:00 0 
7f7b020e1000-7f7b020e5000 ---p 00000000 00:00 0 
7f7b020e5000-7f7b021e2000 rw-p 00000000 00:00 0 
7f7b022e3000-7f7b022e7000 ---p 00000000 00:00 0 
7f7b022e7000-7f7b023e4000 rw-p 00000000 00:00 0 
7f7b026e7000-7f7b026eb000 ---p 00000000 00:00 0 
7f7b026eb000-7f7b027e8000 rw-p 00000000 00:00 0 
7f7b028e9000-7f7b028ed000 ---p 00000000 00:00 0 
7f7b028ed000-7f7b029ea000 rw-p 00000000 00:00 0 
7f7b029ea000-7f7b029ee000 ---p 00000000 00:00 0 
7f7b029ee000-7f7b02aeb000 rw-p 00000000 00:00 0 
7f7b02aeb000-7f7b02aef000 ---p 00000000 00:00 0 
7f7b02aef000-7f7b02bec000 rw-p 00000000 00:00 0 
7f7b02dee000-7f7b02df2000 ---p 00000000 00:00 0 
7f7b02df2000-7f7b02eef000 rw-p 00000000 00:00 0 
7f7b02eef000-7f7b02ef3000 ---p 00000000 00:00 0 
7f7b02ef3000-7f7b02ff0000 rw-p 00000000 00:00 0 
7f7b02ff0000-7f7b02ff4000 ---p 00000000 00:00 0 
7f7b02ff4000-7f7b030f1000 rw-p 00000000 00:00 0 
7f7b031f2000-7f7b031f6000 ---p 00000000 00:00 0 
7f7b031f6000-7f7b032f3000 rw-p 00000000 00:00 0 
7f7b033f4000-7f7b033f8000 ---p 00000000 00:00 0 
7f7b033f8000-7f7b034f5000 rw-p 00000000 00:00 0 
7f7b034f5000-7f7b034f9000 ---p 00000000 00:00 0 
7f7b034f9000-7f7b035f6000 rw-p 00000000 00:00 0 
7f7b035f6000-7f7b035fa000 ---p 00000000 00:00 0 
7f7b035fa000-7f7b036f7000 rw-p 00000000 00:00 0 
7f7b036f7000-7f7b036fb000 ---p 00000000 00:00 0 
7f7b036fb000-7f7b037f8000 rw-p 00000000 00:00 0 
7f7b037f8000-7f7b037fc000 ---p 00000000 00:00 0 
7f7b037fc000-7f7b038f9000 rw-p 00000000 00:00 0 
7f7b038f9000-7f7b038fd000 ---p 00000000 00:00 0 
7f7b038fd000-7f7b039fa000 rw-p 00000000 00:00 0 
7f7b03bfc000-7f7b03c00000 ---p 00000000 00:00 0 
7f7b03c00000-7f7b03cfd000 rw-p 00000000 00:00 0 
7f7b03cfd000-7f7b03d01000 ---p 00000000 00:00 0 
7f7b03d01000-7f7b03dfe000 rw-p 00000000 00:00 0 
7f7b03dfe000-7f7b03e02000 ---p 00000000 00:00 0 
7f7b03e02000-7f7b03eff000 rw-p 00000000 00:00 0 
7f7b03eff000-7f7b03f03000 ---p 00000000 00:00 0 
7f7b03f03000-7f7b04000000 rw-p 00000000 00:00 0 
7f7b04000000-7f7b04021000 rw-p 00000000 00:00 0 
7f7b04021000-7f7b08000000 ---p 00000000 00:00 0 
7f7b08000000-7f7b08021000 rw-p 00000000 00:00 0 
7f7b08021000-7f7b0c000000 ---p 00000000 00:00 0 
7f7b0c000000-7f7b0c021000 rw-p 00000000 00:00 0 
7f7b0c021000-7f7b10000000 ---p 00000000 00:00 0 
7f7b10000000-7f7b10024000 rw-p 00000000 00:00 0 
7f7b10024000-7f7b14000000 ---p 00000000 00:00 0 
7f7b14000000-7f7b140b7000 rw-p 00000000 00:00 0 
7f7b140b7000-7f7b18000000 ---p 00000000 00:00 0 
7f7b18000000-7f7b18021000 rw-p 00000000 00:00 0 
7f7b18021000-7f7b1c000000 ---p 00000000 00:00 0 
7f7b1c000000-7f7b1c021000 rw-p 00000000 00:00 0 
7f7b1c021000-7f7b20000000 ---p 00000000 00:00 0 
7f7b20000000-7f7b20065000 rw-p 00000000 00:00 0 
7f7b20065000-7f7b24000000 ---p 00000000 00:00 0 
7f7b24000000-7f7b24028000 rw-p 00000000 00:00 0 
7f7b24028000-7f7b28000000 ---p 00000000 00:00 0 
7f7b28076000-7f7b2807a000 ---p 00000000 00:00 0 
7f7b2807a000-7f7b28177000 rw-p 00000000 00:00 0 
7f7b28177000-7f7b2817b000 ---p 00000000 00:00 0 
7f7b2817b000-7f7b28278000 rw-p 00000000 00:00 0 
7f7b28278000-7f7b2827c000 ---p 00000000 00:00 0 
7f7b2827c000-7f7b28379000 rw-p 00000000 00:00 0 
7f7b28379000-7f7b2837d000 ---p 00000000 00:00 0 
7f7b2837d000-7f7b2847a000 rw-p 00000000 00:00 0 
7f7b2847a000-7f7b2847e000 ---p 00000000 00:00 0 
7f7b2847e000-7f7b2857b000 rw-p 00000000 00:00 0 
7f7b2857b000-7f7b2857f000 ---p 00000000 00:00 0 
7f7b2857f000-7f7b2867c000 rw-p 00000000 00:00 0 
7f7b2867c000-7f7b28680000 ---p 00000000 00:00 0 
7f7b28680000-7f7b2877d000 rw-p 00000000 00:00 0 
7f7b2877d000-7f7b28781000 ---p 00000000 00:00 0 
7f7b28781000-7f7b2887e000 rw-p 00000000 00:00 0 
7f7b2887e000-7f7b28882000 ---p 00000000 00:00 0 
7f7b28882000-7f7b2897f000 rw-p 00000000 00:00 0 
7f7b2897f000-7f7b28983000 ---p 00000000 00:00 0 
7f7b28983000-7f7b28a80000 rw-p 00000000 00:00 0 
7f7b28a80000-7f7b28a84000 ---p 00000000 00:00 0 
7f7b28a84000-7f7b28b81000 rw-p 00000000 00:00 0 
7f7b28b81000-7f7b28b85000 ---p 00000000 00:00 0 
7f7b28b85000-7f7b28c82000 rw-p 00000000 00:00 0 
7f7b28c82000-7f7b28c86000 ---p 00000000 00:00 0 
7f7b28c86000-7f7b28d83000 rw-p 00000000 00:00 0 
7f7b28d83000-7f7b28d87000 ---p 00000000 00:00 0 
7f7b28d87000-7f7b28e84000 rw-p 00000000 00:00 0 
7f7b28e84000-7f7b28e88000 ---p 00000000 00:00 0 
7f7b28e88000-7f7b28f85000 rw-p 00000000 00:00 0 
7f7b28f85000-7f7b28f89000 ---p 00000000 00:00 0 
7f7b28f89000-7f7b29086000 rw-p 00000000 00:00 0 
7f7b29086000-7f7b2908a000 ---p 00000000 00:00 0 
7f7b2908a000-7f7b29187000 rw-p 00000000 00:00 0 
7f7b29187000-7f7b2918b000 ---p 00000000 00:00 0 
7f7b2918b000-7f7b29288000 rw-p 00000000 00:00 0 
7f7b29288000-7f7b2928c000 ---p 00000000 00:00 0 
7f7b2928c000-7f7b29389000 rw-p 00000000 00:00 0 
7f7b29389000-7f7b2938d000 ---p 00000000 00:00 0 
7f7b2938d000-7f7b2948a000 rw-p 00000000 00:00 0 
7f7b2948a000-7f7b2948e000 ---p 00000000 00:00 0 
7f7b2948e000-7f7b2958b000 rw-p 00000000 00:00 0 
7f7b2958b000-7f7b2958f000 ---p 00000000 00:00 0 
7f7b2958f000-7f7b2968c000 rw-p 00000000 00:00 0 
7f7b2968c000-7f7b29690000 ---p 00000000 00:00 0 
7f7b29690000-7f7b2998d000 rw-p 00000000 00:00 0 
7f7b2998d000-7f7b29b8d000 rw-p 00000000 00:00 0 
7f7b29b8d000-7f7b29b91000 ---p 00000000 00:00 0 
7f7b29b91000-7f7b29c8e000 rw-p 00000000 00:00 0 
7f7b29c8e000-7f7b29c92000 ---p 00000000 00:00 0 
7f7b29c92000-7f7b29f8f000 rw-p 00000000 00:00 0 
7f7b29f8f000-7f7b29fa6000 r-xp 00000000 08:01 30146647                   /lib/x86_64-linux-gnu/libresolv-2.23.so
7f7b29fa6000-7f7b2a1a6000 ---p 00017000 08:01 30146647                   /lib/x86_64-linux-gnu/libresolv-2.23.so
7f7b2a1a6000-7f7b2a1a7000 r--p 00017000 08:01 30146647                   /lib/x86_64-linux-gnu/libresolv-2.23.so
7f7b2a1a7000-7f7b2a1a8000 rw-p 00018000 08:01 30146647                   /lib/x86_64-linux-gnu/libresolv-2.23.so
7f7b2a1a8000-7f7b2a1aa000 rw-p 00000000 00:00 0 
7f7b2a1aa000-7f7b2a1af000 r-xp 00000000 08:01 30146653                   /lib/x86_64-linux-gnu/libnss_dns-2.23.so
7f7b2a1af000-7f7b2a3af000 ---p 00005000 08:01 30146653                   /lib/x86_64-linux-gnu/libnss_dns-2.23.so
7f7b2a3af000-7f7b2a3b0000 r--p 00005000 08:01 30146653                   /lib/x86_64-linux-gnu/libnss_dns-2.23.so
7f7b2a3b0000-7f7b2a3b1000 rw-p 00006000 08:01 30146653                   /lib/x86_64-linux-gnu/libnss_dns-2.23.so
7f7b2a3b1000-7f7b2a3b3000 r-xp 00000000 08:01 30151119                   /lib/x86_64-linux-gnu/libnss_mdns4_minimal.so.2
7f7b2a3b3000-7f7b2a5b2000 ---p 00002000 08:01 30151119                   /lib/x86_64-linux-gnu/libnss_mdns4_minimal.so.2
7f7b2a5b2000-7f7b2a5b3000 r--p 00001000 08:01 30151119                   /lib/x86_64-linux-gnu/libnss_mdns4_minimal.so.2
7f7b2a5b3000-7f7b2a5b4000 rw-p 00002000 08:01 30151119                   /lib/x86_64-linux-gnu/libnss_mdns4_minimal.so.2
7f7b2a5b4000-7f7b2a5b8000 ---p 00000000 00:00 0 
7f7b2a5b8000-7f7b2a6b5000 rw-p 00000000 00:00 0 
7f7b2a6b5000-7f7b2a6b7000 r-xp 00000000 08:01 22032827                   /usr/lib/jvm/java-12-openjdk-amd64/lib/libextnet.so
7f7b2a6b7000-7f7b2a8b6000 ---p 00002000 08:01 22032827                   /usr/lib/jvm/java-12-openjdk-amd64/lib/libextnet.so
7f7b2a8b6000-7f7b2a8b7000 r--p 00001000 08:01 22032827                   /usr/lib/jvm/java-12-openjdk-amd64/lib/libextnet.so
7f7b2a8b7000-7f7b2a8b8000 rw-p 00002000 08:01 22032827                   /usr/lib/jvm/java-12-openjdk-amd64/lib/libextnet.so
7f7b2a8b8000-7f7b2aab8000 rw-p 00000000 00:00 0 
7f7b2aab8000-7f7b2aaf8000 r-xp 00000000 08:01 22032810                   /usr/lib/jvm/java-12-openjdk-amd64/lib/libsunec.so
7f7b2aaf8000-7f7b2acf8000 ---p 00040000 08:01 22032810                   /usr/lib/jvm/java-12-openjdk-amd64/lib/libsunec.so
7f7b2acf8000-7f7b2acfd000 r--p 00040000 08:01 22032810                   /usr/lib/jvm/java-12-openjdk-amd64/lib/libsunec.so
7f7b2acfd000-7f7b2acff000 rw-p 00045000 08:01 22032810                   /usr/lib/jvm/java-12-openjdk-amd64/lib/libsunec.so
7f7b2acff000-7f7b2ad03000 ---p 00000000 00:00 0 
7f7b2ad03000-7f7b2b000000 rw-p 00000000 00:00 0 
7f7b2b000000-7f7b2b200000 rw-p 00000000 00:00 0 
7f7b2b200000-7f7b2b400000 rw-p 00000000 00:00 0 
7f7b2b400000-7f7b2b600000 rw-p 00000000 00:00 0 
7f7b2b600000-7f7b2b800000 rw-p 00000000 00:00 0 
7f7b2b800000-7f7b2ba00000 rw-p 00000000 00:00 0 
7f7b2ba00000-7f7b2bc00000 rw-p 00000000 00:00 0 
7f7b2bc00000-7f7b2be00000 rw-p 00000000 00:00 0 
7f7b2be00000-7f7b2c000000 rw-p 00000000 00:00 0 
7f7b2c000000-7f7b2c029000 rw-p 00000000 00:00 0 
7f7b2c029000-7f7b30000000 ---p 00000000 00:00 0 
7f7b30000000-7f7b30021000 rw-p 00000000 00:00 0 
7f7b30021000-7f7b34000000 ---p 00000000 00:00 0 
7f7b34000000-7f7b34030000 rw-p 00000000 00:00 0 
7f7b34030000-7f7b38000000 ---p 00000000 00:00 0 
7f7b38000000-7f7b38033000 rw-p 00000000 00:00 0 
7f7b38033000-7f7b3c000000 ---p 00000000 00:00 0 
7f7b3c000000-7f7b3c021000 rw-p 00000000 00:00 0 
7f7b3c021000-7f7b40000000 ---p 00000000 00:00 0 
7f7b40000000-7f7b4035e000 rw-p 00000000 00:00 0 
7f7b4035e000-7f7b44000000 ---p 00000000 00:00 0 
7f7b44000000-7f7b44021000 rw-p 00000000 00:00 0 
7f7b44021000-7f7b48000000 ---p 00000000 00:00 0 
7f7b48000000-7f7b48021000 rw-p 00000000 00:00 0 
7f7b48021000-7f7b4c000000 ---p 00000000 00:00 0 
7f7b4c000000-7f7b4ca6e000 rw-p 00000000 00:00 0 
7f7b4ca6e000-7f7b50000000 ---p 00000000 00:00 0 
7f7b50000000-7f7b50037000 rw-p 00000000 00:00 0 
7f7b50037000-7f7b54000000 ---p 00000000 00:00 0 
7f7b54000000-7f7b54021000 rw-p 00000000 00:00 0 
7f7b54021000-7f7b58000000 ---p 00000000 00:00 0 
7f7b58000000-7f7b5a7a2000 rw-p 00000000 00:00 0 
7f7b5a7a2000-7f7b5c000000 ---p 00000000 00:00 0 
7f7b5c000000-7f7b5c033000 rw-p 00000000 00:00 0 
7f7b5c033000-7f7b60000000 ---p 00000000 00:00 0 
7f7b60000000-7f7b60021000 rw-p 00000000 00:00 0 
7f7b60021000-7f7b64000000 ---p 00000000 00:00 0 
7f7b64000000-7f7b64021000 rw-p 00000000 00:00 0 
7f7b64021000-7f7b68000000 ---p 00000000 00:00 0 
7f7b68000000-7f7b686b8000 rw-p 00000000 00:00 0 
7f7b686b8000-7f7b6c000000 ---p 00000000 00:00 0 
7f7b6c000000-7f7b6c034000 rw-p 00000000 00:00 0 
7f7b6c034000-7f7b70000000 ---p 00000000 00:00 0 
7f7b700e6000-7f7b700ea000 ---p 00000000 00:00 0 
7f7b700ea000-7f7b701e7000 rw-p 00000000 00:00 0 
7f7b701e7000-7f7b701ec000 r-xp 00000000 08:01 22032835                   /usr/lib/jvm/java-12-openjdk-amd64/lib/libmanagement_ext.so
7f7b701ec000-7f7b703eb000 ---p 00005000 08:01 22032835                   /usr/lib/jvm/java-12-openjdk-amd64/lib/libmanagement_ext.so
7f7b703eb000-7f7b703ec000 r--p 00004000 08:01 22032835                   /usr/lib/jvm/java-12-openjdk-amd64/lib/libmanagement_ext.so
7f7b703ec000-7f7b703ed000 rw-p 00005000 08:01 22032835                   /usr/lib/jvm/java-12-openjdk-amd64/lib/libmanagement_ext.so
7f7b703ed000-7f7b703f1000 r-xp 00000000 08:01 22032793                   /usr/lib/jvm/java-12-openjdk-amd64/lib/libmanagement.so
7f7b703f1000-7f7b705f0000 ---p 00004000 08:01 22032793                   /usr/lib/jvm/java-12-openjdk-amd64/lib/libmanagement.so
7f7b705f0000-7f7b705f1000 r--p 00003000 08:01 22032793                   /usr/lib/jvm/java-12-openjdk-amd64/lib/libmanagement.so
7f7b705f1000-7f7b705f2000 rw-p 00004000 08:01 22032793                   /usr/lib/jvm/java-12-openjdk-amd64/lib/libmanagement.so
7f7b705f2000-7f7b707f2000 rw-p 00000000 00:00 0 
7f7b707f2000-7f7b707f3000 ---p 00000000 00:00 0 
7f7b707f3000-7f7b708f3000 rw-p 00000000 00:00 0 
7f7b708f3000-7f7b708f4000 ---p 00000000 00:00 0 
7f7b708f4000-7f7b709f4000 rw-p 00000000 00:00 0 
7f7b709f4000-7f7b709f5000 ---p 00000000 00:00 0 
7f7b709f5000-7f7b70af5000 rw-p 00000000 00:00 0 
7f7b70af5000-7f7b70af6000 ---p 00000000 00:00 0 
7f7b70af6000-7f7b70bf6000 rw-p 00000000 00:00 0 
7f7b70bf6000-7f7b70bfa000 ---p 00000000 00:00 0 
7f7b70bfa000-7f7b70ef7000 rw-p 00000000 00:00 0 
7f7b70ef7000-7f7b710f7000 rw-p 00000000 00:00 0 
7f7b710f7000-7f7b7110d000 r-xp 00000000 08:01 22032802                   /usr/lib/jvm/java-12-openjdk-amd64/lib/libnet.so
7f7b7110d000-7f7b7130c000 ---p 00016000 08:01 22032802                   /usr/lib/jvm/java-12-openjdk-amd64/lib/libnet.so
7f7b7130c000-7f7b7130d000 r--p 00015000 08:01 22032802                   /usr/lib/jvm/java-12-openjdk-amd64/lib/libnet.so
7f7b7130d000-7f7b7130e000 rw-p 00016000 08:01 22032802                   /usr/lib/jvm/java-12-openjdk-amd64/lib/libnet.so
7f7b7130e000-7f7b7131f000 r-xp 00000000 08:01 22032828                   /usr/lib/jvm/java-12-openjdk-amd64/lib/libnio.so
7f7b7131f000-7f7b7151e000 ---p 00011000 08:01 22032828                   /usr/lib/jvm/java-12-openjdk-amd64/lib/libnio.so
7f7b7151e000-7f7b7151f000 r--p 00010000 08:01 22032828                   /usr/lib/jvm/java-12-openjdk-amd64/lib/libnio.so
7f7b7151f000-7f7b71520000 rw-p 00011000 08:01 22032828                   /usr/lib/jvm/java-12-openjdk-amd64/lib/libnio.so
7f7b71520000-7f7b71524000 ---p 00000000 00:00 0 
7f7b71524000-7f7b71621000 rw-p 00000000 00:00 0 
7f7b71621000-7f7b71622000 ---p 00000000 00:00 0 
7f7b71622000-7f7b71722000 rw-p 00000000 00:00 0 
7f7b71722000-7f7b71726000 ---p 00000000 00:00 0 
7f7b71726000-7f7b71823000 rw-p 00000000 00:00 0 
7f7b71823000-7f7b71827000 ---p 00000000 00:00 0 
7f7b71827000-7f7b71924000 rw-p 00000000 00:00 0 
7f7b71924000-7f7b71928000 ---p 00000000 00:00 0 
7f7b71928000-7f7b71a25000 rw-p 00000000 00:00 0 
7f7b71a25000-7f7b71a29000 ---p 00000000 00:00 0 
7f7b71a29000-7f7b71b26000 rw-p 00000000 00:00 0 
7f7b71b26000-7f7b71b2a000 ---p 00000000 00:00 0 
7f7b71b2a000-7f7b71c27000 rw-p 00000000 00:00 0 
7f7b71c27000-7f7b71eff000 r--p 00000000 08:01 22021012                   /usr/lib/locale/locale-archive
7f7b71eff000-7f7b71f03000 ---p 00000000 00:00 0 
7f7b71f03000-7f7b74000000 rw-p 00000000 00:00 0 
7f7b74000000-7f7b74021000 rw-p 00000000 00:00 0 
7f7b74021000-7f7b78000000 ---p 00000000 00:00 0 
7f7b78000000-7f7b78030000 rw-p 00000000 00:00 0 
7f7b78030000-7f7b7c000000 ---p 00000000 00:00 0 
7f7b7c000000-7f7b7c03f000 rw-p 00000000 00:00 0 
7f7b7c03f000-7f7b80000000 ---p 00000000 00:00 0 
7f7b8002d000-7f7b80031000 ---p 00000000 00:00 0 
7f7b80031000-7f7b8012e000 rw-p 00000000 00:00 0 
7f7b8012e000-7f7b8012f000 ---p 00000000 00:00 0 
7f7b8012f000-7f7b80ab0000 rw-p 00000000 00:00 0 
7f7b80ab0000-7f7b80ab1000 ---p 00000000 00:00 0 
7f7b80ab1000-7f7b80bb1000 rw-p 00000000 00:00 0 
7f7b80bb1000-7f7b80bb2000 ---p 00000000 00:00 0 
7f7b80bb2000-7f7b810b6000 rw-p 00000000 00:00 0 
7f7b810b6000-7f7b810b7000 ---p 00000000 00:00 0 
7f7b810b7000-7f7b811b7000 rw-p 00000000 00:00 0 
7f7b811b7000-7f7b811b8000 ---p 00000000 00:00 0 
7f7b811b8000-7f7b812b8000 rw-p 00000000 00:00 0 
7f7b812b8000-7f7b812b9000 ---p 00000000 00:00 0 
7f7b812b9000-7f7b81701000 rw-p 00000000 00:00 0 
7f7b81701000-7f7b822b9000 ---p 00000000 00:00 0 
7f7b822b9000-7f7b8237d000 rw-p 00000000 00:00 0 
7f7b8237d000-7f7b823a5000 rw-p 00000000 00:00 0 
7f7b823a5000-7f7b82601000 rw-p 00000000 00:00 0 
7f7b82601000-7f7b831b9000 ---p 00000000 00:00 0 
7f7b831b9000-7f7b83222000 rw-p 00000000 00:00 0 
7f7b83222000-7f7b83399000 ---p 00000000 00:00 0 
7f7b83399000-7f7b83402000 rw-p 00000000 00:00 0 
7f7b83402000-7f7b83579000 ---p 00000000 00:00 0 
7f7b83579000-7f7b835e2000 rw-p 00000000 00:00 0 
7f7b835e2000-7f7b83759000 ---p 00000000 00:00 0 
7f7b83759000-7f7b83b64000 rw-p 00000000 00:00 0 
7f7b83b64000-7f7b83c48000 ---p 00000000 00:00 0 
7f7b83c48000-7f7b83eb8000 rwxp 00000000 00:00 0 
7f7b83eb8000-7f7b841d8000 ---p 00000000 00:00 0 
7f7b841d8000-7f7b84ba8000 rwxp 00000000 00:00 0 
7f7b84ba8000-7f7b8b710000 ---p 00000000 00:00 0 
7f7b8b710000-7f7b8ba40000 rwxp 00000000 00:00 0 
7f7b8ba40000-7f7b92c48000 ---p 00000000 00:00 0 
7f7b92c48000-7f7b9b39a000 r--s 00000000 08:01 22032831                   /usr/lib/jvm/java-12-openjdk-amd64/lib/modules
7f7b9b39a000-7f7b9b3b6000 r-xp 00000000 08:01 22032830                   /usr/lib/jvm/java-12-openjdk-amd64/lib/libjimage.so
7f7b9b3b6000-7f7b9b5b5000 ---p 0001c000 08:01 22032830                   /usr/lib/jvm/java-12-openjdk-amd64/lib/libjimage.so
7f7b9b5b5000-7f7b9b5b7000 r--p 0001b000 08:01 22032830                   /usr/lib/jvm/java-12-openjdk-amd64/lib/libjimage.so
7f7b9b5b7000-7f7b9b5b8000 rw-p 0001d000 08:01 22032830                   /usr/lib/jvm/java-12-openjdk-amd64/lib/libjimage.so
7f7b9b5b8000-7f7b9b5bf000 r-xp 00000000 08:01 22032823                   /usr/lib/jvm/java-12-openjdk-amd64/lib/libzip.so
7f7b9b5bf000-7f7b9b7be000 ---p 00007000 08:01 22032823                   /usr/lib/jvm/java-12-openjdk-amd64/lib/libzip.so
7f7b9b7be000-7f7b9b7bf000 r--p 00006000 08:01 22032823                   /usr/lib/jvm/java-12-openjdk-amd64/lib/libzip.so
7f7b9b7bf000-7f7b9b7c0000 rw-p 00007000 08:01 22032823                   /usr/lib/jvm/java-12-openjdk-amd64/lib/libzip.so
7f7b9b7c0000-7f7b9b7cb000 r-xp 00000000 08:01 30146656                   /lib/x86_64-linux-gnu/libnss_files-2.23.so
7f7b9b7cb000-7f7b9b9ca000 ---p 0000b000 08:01 30146656                   /lib/x86_64-linux-gnu/libnss_files-2.23.so
7f7b9b9ca000-7f7b9b9cb000 r--p 0000a000 08:01 30146656                   /lib/x86_64-linux-gnu/libnss_files-2.23.so
7f7b9b9cb000-7f7b9b9cc000 rw-p 0000b000 08:01 30146656                   /lib/x86_64-linux-gnu/libnss_files-2.23.so
7f7b9b9cc000-7f7b9b9d2000 rw-p 00000000 00:00 0 
7f7b9b9d2000-7f7b9b9dd000 r-xp 00000000 08:01 30151031                   /lib/x86_64-linux-gnu/libnss_nis-2.23.so
7f7b9b9dd000-7f7b9bbdc000 ---p 0000b000 08:01 30151031                   /lib/x86_64-linux-gnu/libnss_nis-2.23.so
7f7b9bbdc000-7f7b9bbdd000 r--p 0000a000 08:01 30151031                   /lib/x86_64-linux-gnu/libnss_nis-2.23.so
7f7b9bbdd000-7f7b9bbde000 rw-p 0000b000 08:01 30151031                   /lib/x86_64-linux-gnu/libnss_nis-2.23.so
7f7b9bbde000-7f7b9bbf4000 r-xp 00000000 08:01 30146574                   /lib/x86_64-linux-gnu/libnsl-2.23.so
7f7b9bbf4000-7f7b9bdf3000 ---p 00016000 08:01 30146574                   /lib/x86_64-linux-gnu/libnsl-2.23.so
7f7b9bdf3000-7f7b9bdf4000 r--p 00015000 08:01 30146574                   /lib/x86_64-linux-gnu/libnsl-2.23.so
7f7b9bdf4000-7f7b9bdf5000 rw-p 00016000 08:01 30146574                   /lib/x86_64-linux-gnu/libnsl-2.23.so
7f7b9bdf5000-7f7b9bdf7000 rw-p 00000000 00:00 0 
7f7b9bdf7000-7f7b9bdff000 r-xp 00000000 08:01 30146651                   /lib/x86_64-linux-gnu/libnss_compat-2.23.so
7f7b9bdff000-7f7b9bffe000 ---p 00008000 08:01 30146651                   /lib/x86_64-linux-gnu/libnss_compat-2.23.so
7f7b9bffe000-7f7b9bfff000 r--p 00007000 08:01 30146651                   /lib/x86_64-linux-gnu/libnss_compat-2.23.so
7f7b9bfff000-7f7b9c000000 rw-p 00008000 08:01 30146651                   /lib/x86_64-linux-gnu/libnss_compat-2.23.so
7f7b9c000000-7f7b9ce03000 rw-p 00000000 00:00 0 
7f7b9ce03000-7f7ba0000000 ---p 00000000 00:00 0 
7f7ba006f000-7f7ba00de000 rw-p 00000000 00:00 0 
7f7ba00de000-7f7ba01b5000 ---p 00000000 00:00 0 
7f7ba01b5000-7f7ba01dc000 r-xp 00000000 08:01 22032801                   /usr/lib/jvm/java-12-openjdk-amd64/lib/libjava.so
7f7ba01dc000-7f7ba03db000 ---p 00027000 08:01 22032801                   /usr/lib/jvm/java-12-openjdk-amd64/lib/libjava.so
7f7ba03db000-7f7ba03dc000 r--p 00026000 08:01 22032801                   /usr/lib/jvm/java-12-openjdk-amd64/lib/libjava.so
7f7ba03dc000-7f7ba03de000 rw-p 00027000 08:01 22032801                   /usr/lib/jvm/java-12-openjdk-amd64/lib/libjava.so
7f7ba03de000-7f7ba03eb000 r-xp 00000000 08:01 22032826                   /usr/lib/jvm/java-12-openjdk-amd64/lib/libverify.so
7f7ba03eb000-7f7ba05ea000 ---p 0000d000 08:01 22032826                   /usr/lib/jvm/java-12-openjdk-amd64/lib/libverify.so
7f7ba05ea000-7f7ba05ec000 r--p 0000c000 08:01 22032826                   /usr/lib/jvm/java-12-openjdk-amd64/lib/libverify.so
7f7ba05ec000-7f7ba05ed000 rw-p 0000e000 08:01 22032826                   /usr/lib/jvm/java-12-openjdk-amd64/lib/libverify.so
7f7ba05ed000-7f7ba06f5000 r-xp 00000000 08:01 30146565                   /lib/x86_64-linux-gnu/libm-2.23.so
7f7ba06f5000-7f7ba08f4000 ---p 00108000 08:01 30146565                   /lib/x86_64-linux-gnu/libm-2.23.so
7f7ba08f4000-7f7ba08f5000 r--p 00107000 08:01 30146565                   /lib/x86_64-linux-gnu/libm-2.23.so
7f7ba08f5000-7f7ba08f6000 rw-p 00108000 08:01 30146565                   /lib/x86_64-linux-gnu/libm-2.23.so
7f7ba08f6000-7f7ba1acc000 r-xp 00000000 08:01 22032839                   /usr/lib/jvm/java-12-openjdk-amd64/lib/server/libjvm.so
7f7ba1acc000-7f7ba1ccb000 ---p 011d6000 08:01 22032839                   /usr/lib/jvm/java-12-openjdk-amd64/lib/server/libjvm.so
7f7ba1ccb000-7f7ba1d91000 r--p 011d5000 08:01 22032839                   /usr/lib/jvm/java-12-openjdk-amd64/lib/server/libjvm.so
7f7ba1d91000-7f7ba1dcc000 rw-p 0129b000 08:01 22032839                   /usr/lib/jvm/java-12-openjdk-amd64/lib/server/libjvm.so
7f7ba1dcc000-7f7ba1e4f000 rw-p 00000000 00:00 0 
7f7ba1e4f000-7f7ba1e67000 r-xp 00000000 08:01 30146585                   /lib/x86_64-linux-gnu/libpthread-2.23.so
7f7ba1e67000-7f7ba2066000 ---p 00018000 08:01 30146585                   /lib/x86_64-linux-gnu/libpthread-2.23.so
7f7ba2066000-7f7ba2067000 r--p 00017000 08:01 30146585                   /lib/x86_64-linux-gnu/libpthread-2.23.so
7f7ba2067000-7f7ba2068000 rw-p 00018000 08:01 30146585                   /lib/x86_64-linux-gnu/libpthread-2.23.so
7f7ba2068000-7f7ba206c000 rw-p 00000000 00:00 0 
7f7ba206c000-7f7ba206f000 r-xp 00000000 08:01 30146645                   /lib/x86_64-linux-gnu/libdl-2.23.so
7f7ba206f000-7f7ba226e000 ---p 00003000 08:01 30146645                   /lib/x86_64-linux-gnu/libdl-2.23.so
7f7ba226e000-7f7ba226f000 r--p 00002000 08:01 30146645                   /lib/x86_64-linux-gnu/libdl-2.23.so
7f7ba226f000-7f7ba2270000 rw-p 00003000 08:01 30146645                   /lib/x86_64-linux-gnu/libdl-2.23.so
7f7ba2270000-7f7ba2289000 r-xp 00000000 08:01 30146744                   /lib/x86_64-linux-gnu/libz.so.1.2.8
7f7ba2289000-7f7ba2488000 ---p 00019000 08:01 30146744                   /lib/x86_64-linux-gnu/libz.so.1.2.8
7f7ba2488000-7f7ba2489000 r--p 00018000 08:01 30146744                   /lib/x86_64-linux-gnu/libz.so.1.2.8
7f7ba2489000-7f7ba248a000 rw-p 00019000 08:01 30146744                   /lib/x86_64-linux-gnu/libz.so.1.2.8
7f7ba248a000-7f7ba264a000 r-xp 00000000 08:01 30146643                   /lib/x86_64-linux-gnu/libc-2.23.so
7f7ba264a000-7f7ba284a000 ---p 001c0000 08:01 30146643                   /lib/x86_64-linux-gnu/libc-2.23.so
7f7ba284a000-7f7ba284e000 r--p 001c0000 08:01 30146643                   /lib/x86_64-linux-gnu/libc-2.23.so
7f7ba284e000-7f7ba2850000 rw-p 001c4000 08:01 30146643                   /lib/x86_64-linux-gnu/libc-2.23.so
7f7ba2850000-7f7ba2854000 rw-p 00000000 00:00 0 
7f7ba2854000-7f7ba2863000 r-xp 00000000 08:01 22032820                   /usr/lib/jvm/java-12-openjdk-amd64/lib/libjli.so
7f7ba2863000-7f7ba2a62000 ---p 0000f000 08:01 22032820                   /usr/lib/jvm/java-12-openjdk-amd64/lib/libjli.so
7f7ba2a62000-7f7ba2a63000 r--p 0000e000 08:01 22032820                   /usr/lib/jvm/java-12-openjdk-amd64/lib/libjli.so
7f7ba2a63000-7f7ba2a64000 rw-p 0000f000 08:01 22032820                   /usr/lib/jvm/java-12-openjdk-amd64/lib/libjli.so
7f7ba2a64000-7f7ba2a8a000 r-xp 00000000 08:01 30146577                   /lib/x86_64-linux-gnu/ld-2.23.so
7f7ba2a92000-7f7ba2b66000 rw-p 00000000 00:00 0 
7f7ba2b66000-7f7ba2b6a000 ---p 00000000 00:00 0 
7f7ba2b6a000-7f7ba2c70000 rw-p 00000000 00:00 0 
7f7ba2c70000-7f7ba2c77000 ---p 00000000 00:00 0 
7f7ba2c77000-7f7ba2c79000 r--s 00007000 08:01 22556063                   /usr/share/java/java-atk-wrapper.jar
7f7ba2c79000-7f7ba2c81000 rw-s 00000000 08:01 26741445                   /tmp/hsperfdata_user/14132
7f7ba2c81000-7f7ba2c82000 ---p 00000000 00:00 0 
7f7ba2c82000-7f7ba2c83000 r--p 00000000 00:00 0 
7f7ba2c83000-7f7ba2c84000 ---p 00000000 00:00 0 
7f7ba2c84000-7f7ba2c85000 rw-p 00000000 00:00 0 
7f7ba2c85000-7f7ba2c87000 r--p 00000000 00:00 0                          [vvar]
7f7ba2c87000-7f7ba2c89000 r-xp 00000000 00:00 0                          [vdso]
7f7ba2c89000-7f7ba2c8a000 r--p 00025000 08:01 30146577                   /lib/x86_64-linux-gnu/ld-2.23.so
7f7ba2c8a000-7f7ba2c8b000 rw-p 00026000 08:01 30146577                   /lib/x86_64-linux-gnu/ld-2.23.so
7f7ba2c8b000-7f7ba2c8c000 rw-p 00000000 00:00 0 
7ffd13dcd000-7ffd13def000 rw-p 00000000 00:00 0                          [stack]
ffffffffff600000-ffffffffff601000 r-xp 00000000 00:00 0                  [vsyscall]


VM Arguments:
jvm_args: -Dfile.encoding=UTF-8 
java_command: io.javathoughts.coronavirustracter.CoronavirunTracterApplication
java_class_path (initial): /home/user/work/javathought/spring-boot/coronavirun-tracter/target/classes:/home/user/.m2/repository/org/springframework/boot/spring-boot-starter-thymeleaf/2.2.6.RELEASE/spring-boot-starter-thymeleaf-2.2.6.RELEASE.jar:/home/user/.m2/repository/org/springframework/boot/spring-boot-starter/2.2.6.RELEASE/spring-boot-starter-2.2.6.RELEASE.jar:/home/user/.m2/repository/org/springframework/boot/spring-boot/2.2.6.RELEASE/spring-boot-2.2.6.RELEASE.jar:/home/user/.m2/repository/org/springframework/boot/spring-boot-autoconfigure/2.2.6.RELEASE/spring-boot-autoconfigure-2.2.6.RELEASE.jar:/home/user/.m2/repository/org/springframework/boot/spring-boot-starter-logging/2.2.6.RELEASE/spring-boot-starter-logging-2.2.6.RELEASE.jar:/home/user/.m2/repository/ch/qos/logback/logback-classic/1.2.3/logback-classic-1.2.3.jar:/home/user/.m2/repository/ch/qos/logback/logback-core/1.2.3/logback-core-1.2.3.jar:/home/user/.m2/repository/org/apache/logging/log4j/log4j-to-slf4j/2.12.1/log4j-to-slf4j-2.12.1.jar:/home/user/.m2/repository/org/apache/logging/log4j/log4j-api/2.12.1/log4j-api-2.12.1.jar:/home/user/.m2/repository/org/slf4j/jul-to-slf4j/1.7.30/jul-to-slf4j-1.7.30.jar:/home/user/.m2/repository/jakarta/annotation/jakarta.annotation-api/1.3.5/jakarta.annotation-api-1.3.5.jar:/home/user/.m2/repository/org/yaml/snakeyaml/1.25/snakeyaml-1.25.jar:/home/user/.m2/repository/org/thymeleaf/thymeleaf-spring5/3.0.11.RELEASE/thymeleaf-spring5-3.0.11.RELEASE.jar:/home/user/.m2/repository/org/thymeleaf/thymeleaf/3.0.11.RELEASE/thymeleaf-3.0.11.RELEASE.jar:/home/user/.m2/repository/org/attoparser/attoparser/2.0.5.RELEASE/attoparser-2.0.5.RELEASE.jar:/home/user/.m2/repository/org/unbescape/unbescape/1.1.6.RELEASE/unbescape-1.1.6.RELEASE.jar:/home/user/.m2/repository/org/slf4j/slf4j-api/1.7.30/slf4j-api-1.7.30.jar:/home/user/.m2/repository/org/thymeleaf/extras/thymeleaf-extras-java8time/3.0.4.RELEASE/thymeleaf-extras-java8time-3.0.4.RELEASE.jar:/home/user/.m2/repository/org/sprin
Launcher Type: SUN_STANDARD

[Global flags]
     intx CICompilerCount                          = 3                                         {product} {ergonomic}
     uint ConcGCThreads                            = 1                                         {product} {ergonomic}
     uint G1ConcRefinementThreads                  = 4                                         {product} {ergonomic}
   size_t G1HeapRegionSize                         = 1048576                                   {product} {ergonomic}
    uintx GCDrainStackTargetSize                   = 64                                        {product} {ergonomic}
   size_t InitialHeapSize                          = 62914560                                  {product} {ergonomic}
   size_t MarkStackSize                            = 4194304                                   {product} {ergonomic}
   size_t MaxHeapSize                              = 1006632960                                {product} {ergonomic}
   size_t MaxNewSize                               = 603979776                                 {product} {ergonomic}
   size_t MinHeapDeltaBytes                        = 1048576                                   {product} {ergonomic}
    uintx NonNMethodCodeHeapSize                   = 5830732                                {pd product} {ergonomic}
    uintx NonProfiledCodeHeapSize                  = 122913754                              {pd product} {ergonomic}
    uintx ProfiledCodeHeapSize                     = 122913754                              {pd product} {ergonomic}
    uintx ReservedCodeCacheSize                    = 251658240                              {pd product} {ergonomic}
     bool SegmentedCodeCache                       = true                                      {product} {ergonomic}
     bool UseCompressedClassPointers               = true                                 {lp64_product} {ergonomic}
     bool UseCompressedOops                        = true                                 {lp64_product} {ergonomic}
     bool UseG1GC                                  = true                                      {product} {ergonomic}

Logging:
Log output configuration:
 #0: stdout all=warning uptime,level,tags
 #1: stderr all=off uptime,level,tags

Environment Variables:
JAVA_HOME=/usr/lib/jvm/java-8-oracle
PATH=/home/user/bin:/home/user/.local/bin:/usr/local/sbin:/usr/local/bin:/usr/sbin:/usr/bin:/sbin:/bin:/usr/games:/usr/local/games:/snap/bin:/usr/lib/jvm/java-8-oracle/bin:/usr/lib/jvm/java-8-oracle/db/bin:/usr/lib/jvm/java-8-oracle/jre/bin
SHELL=/bin/bash
DISPLAY=:0

Signal Handlers:
SIGSEGV: [libjvm.so+0xec24e0], sa_mask[0]=11111111011111111101111111111110, sa_flags=SA_RESTART|SA_SIGINFO
SIGBUS: [libjvm.so+0xec24e0], sa_mask[0]=11111111011111111101111111111110, sa_flags=SA_RESTART|SA_SIGINFO
SIGFPE: [libjvm.so+0xec24e0], sa_mask[0]=11111111011111111101111111111110, sa_flags=SA_RESTART|SA_SIGINFO
SIGPIPE: [libjvm.so+0xb831c0], sa_mask[0]=11111111011111111101111111111110, sa_flags=SA_RESTART|SA_SIGINFO
SIGXFSZ: [libjvm.so+0xb831c0], sa_mask[0]=11111111011111111101111111111110, sa_flags=SA_RESTART|SA_SIGINFO
SIGILL: [libjvm.so+0xec24e0], sa_mask[0]=11111111011111111101111111111110, sa_flags=SA_RESTART|SA_SIGINFO
SIGUSR2: [libjvm.so+0xb83050], sa_mask[0]=00100000000000000000000000000000, sa_flags=SA_RESTART|SA_SIGINFO
SIGHUP: [libjvm.so+0xb83500], sa_mask[0]=11111111011111111101111111111110, sa_flags=SA_RESTART|SA_SIGINFO
SIGINT: [libjvm.so+0xb83500], sa_mask[0]=11111111011111111101111111111110, sa_flags=SA_RESTART|SA_SIGINFO
SIGTERM: [libjvm.so+0xb83500], sa_mask[0]=11111111011111111101111111111110, sa_flags=SA_RESTART|SA_SIGINFO
SIGQUIT: [libjvm.so+0xb83500], sa_mask[0]=11111111011111111101111111111110, sa_flags=SA_RESTART|SA_SIGINFO


---------------  S Y S T E M  ---------------

OS:DISTRIB_ID=Ubuntu
DISTRIB_RELEASE=16.04
DISTRIB_CODENAME=xenial
DISTRIB_DESCRIPTION="Ubuntu 16.04.4 LTS"
uname:Linux 4.4.0-178-generic #208-Ubuntu SMP Sun Apr 5 23:45:10 UTC 2020 x86_64
libc:glibc 2.23 NPTL 2.23 
rlimit: STACK 8192k, CORE 0k, NPROC 15163, NOFILE 1048576, AS infinity, DATA infinity, FSIZE infinity
load average:11.05 6.93 3.73

/proc/meminfo:
MemTotal:        3925468 kB
MemFree:          115916 kB
MemAvailable:      47872 kB
Buffers:            1396 kB
Cached:           293424 kB
SwapCached:         1280 kB
Active:          2804112 kB
Inactive:         789168 kB
Active(anon):    2763676 kB
Inactive(anon):   760136 kB
Active(file):      40436 kB
Inactive(file):    29032 kB
Unevictable:          64 kB
Mlocked:              64 kB
SwapTotal:       1975292 kB
SwapFree:              0 kB
Dirty:               692 kB
Writeback:             0 kB
AnonPages:       3298448 kB
Mapped:           231080 kB
Shmem:            224784 kB
Slab:              81792 kB
SReclaimable:      37000 kB
SUnreclaim:        44792 kB
KernelStack:       17248 kB
PageTables:        61860 kB
NFS_Unstable:          0 kB
Bounce:                0 kB
WritebackTmp:          0 kB
CommitLimit:     3938024 kB
Committed_AS:   11551408 kB
VmallocTotal:   34359738367 kB
VmallocUsed:           0 kB
VmallocChunk:          0 kB
HardwareCorrupted:     0 kB
AnonHugePages:         0 kB
CmaTotal:              0 kB
CmaFree:               0 kB
HugePages_Total:       0
HugePages_Free:        0
HugePages_Rsvd:        0
HugePages_Surp:        0
Hugepagesize:       2048 kB
DirectMap4k:      174844 kB
DirectMap2M:     3899392 kB


/proc/sys/kernel/threads-max (system-wide limit on the number of threads):
30326


/proc/sys/vm/max_map_count (maximum number of memory map areas a process may have):
65530


/proc/sys/kernel/pid_max (system-wide limit on number of process identifiers):
32768



container (cgroup) information:
container_type: cgroupv1
cpu_cpuset_cpus: 0-3
cpu_memory_nodes: 0
active_processor_count: 4
cpu_quota: -1
cpu_period: 100000
cpu_shares: -1
memory_limit_in_bytes: -1
memory_and_swap_limit_in_bytes: -2
memory_soft_limit_in_bytes: -1
memory_usage_in_bytes: 3679567872
memory_max_usage_in_bytes: 0


CPU:total 4 (initial active 4) (2 cores per cpu, 2 threads per core) family 6 model 58 stepping 9, cmov, cx8, fxsr, mmx, sse, sse2, sse3, ssse3, sse4.1, sse4.2, popcnt, avx, clmul, erms, ht, tsc, tscinvbit, tscinv
CPU Model and flags from /proc/cpuinfo:
model name	: Intel(R) Core(TM) i3-3110M CPU @ 2.40GHz
flags		: fpu vme de pse tsc msr pae mce cx8 apic sep mtrr pge mca cmov pat pse36 clflush dts acpi mmx fxsr sse sse2 ss ht tm pbe syscall nx rdtscp lm constant_tsc arch_perfmon pebs bts rep_good nopl xtopology nonstop_tsc aperfmperf pni pclmulqdq dtes64 monitor ds_cpl vmx est tm2 ssse3 cx16 xtpr pdcm pcid sse4_1 sse4_2 x2apic popcnt tsc_deadline_timer xsave avx f16c lahf_lm epb ssbd ibrs ibpb stibp kaiser tpr_shadow vnmi flexpriority ept vpid fsgsbase smep erms xsaveopt dtherm arat pln pts md_clear flush_l1d

Memory: 4k page, physical 3925468k(115340k free), swap 1975292k(0k free)

vm_info: OpenJDK 64-Bit Server VM (12.0.2+9-Ubuntu-116.04) for linux-amd64 JRE (12.0.2+9-Ubuntu-116.04), built on Jul 17 2019 15:58:41 by "buildd" with gcc 8.3.0

END.
